Using pre-set license
Built from '2020.3/staging' branch; Version is '2020.3.9f1 (108be757e447) revision 1084391'; Using compiler version '192528614'; Build Type 'Release'
OS: 'Windows 10 Pro; OS build 18363.1556; Version 1909; 64bit' Language: 'ko' Physical Memory: 16264 MB
BatchMode: 1, IsHumanControllingUs: 0, StartBugReporterOnCrash: 0, Is64bit: 1, IsPro: 0

 COMMAND LINE ARGUMENTS:
D:\Program Files\Unity\Editor\2020.3.9f1\Editor\Unity.exe
-adb2
-batchMode
-noUpm
-name
AssetImportWorker0
-projectPath
D:/work_github/idle_game
-logFile
Logs/AssetImportWorker0.log
-srvPort
2584
Successfully changed project path to: D:/work_github/idle_game
D:/work_github/idle_game
Using Asset Import Pipeline V2.
Refreshing native plugins compatible for Editor in 30.15 ms, found 0 plugins.
Preloading 0 native plugins for Editor in 0.00 ms.
Initialize engine version: 2020.3.9f1 (108be757e447)
[Subsystems] Discovering subsystems at path D:/Program Files/Unity/Editor/2020.3.9f1/Editor/Data/Resources/UnitySubsystems
[Subsystems] Discovering subsystems at path D:/work_github/idle_game/Assets
GfxDevice: creating device client; threaded=0
Direct3D:
    Version:  Direct3D 11.0 [level 11.1]
    Renderer: NVIDIA GeForce GTX 1060 3GB (ID=0x1c02)
    Vendor:   
    VRAM:     2988 MB
    Driver:   27.21.14.5671
Initialize mono
Mono path[0] = 'D:/Program Files/Unity/Editor/2020.3.9f1/Editor/Data/Managed'
Mono path[1] = 'D:/Program Files/Unity/Editor/2020.3.9f1/Editor/Data/MonoBleedingEdge/lib/mono/unityjit'
Mono config path = 'D:/Program Files/Unity/Editor/2020.3.9f1/Editor/Data/MonoBleedingEdge/etc'
Using monoOptions --debugger-agent=transport=dt_socket,embedding=1,server=y,suspend=n,address=127.0.0.1:56228
Begin MonoManager ReloadAssembly
Registering precompiled unity dll's ...
Register platform support module: D:/Program Files/Unity/Editor/2020.3.9f1/Editor/Data/PlaybackEngines/WebGLSupport/UnityEditor.WebGL.Extensions.dll
Register platform support module: D:/Program Files/Unity/Editor/2020.3.9f1/Editor/Data/PlaybackEngines/MacStandaloneSupport/UnityEditor.OSXStandalone.Extensions.dll
Register platform support module: D:/Program Files/Unity/Editor/2020.3.9f1/Editor/Data/PlaybackEngines/WindowsStandaloneSupport/UnityEditor.WindowsStandalone.Extensions.dll
Registered in 0.002811 seconds.
Native extension for WindowsStandalone target not found
Native extension for OSXStandalone target not found
Native extension for WebGL target not found
Refreshing native plugins compatible for Editor in 30.38 ms, found 0 plugins.
Preloading 0 native plugins for Editor in 0.00 ms.
Mono: successfully reloaded assembly
- Completed reload, in  1.445 seconds
Platform modules already initialized, skipping
Registering precompiled user dll's ...
Registered in 0.000877 seconds.
Begin MonoManager ReloadAssembly
Native extension for WindowsStandalone target not found
Native extension for OSXStandalone target not found
Native extension for WebGL target not found
Refreshing native plugins compatible for Editor in 40.95 ms, found 0 plugins.
Preloading 0 native plugins for Editor in 0.00 ms.
Mono: successfully reloaded assembly
- Completed reload, in  1.971 seconds
Platform modules already initialized, skipping
========================================================================
Worker process is ready to serve import requests
Launched and connected shader compiler UnityShaderCompiler.exe after 0.26 seconds
Refreshing native plugins compatible for Editor in 0.23 ms, found 0 plugins.
Preloading 0 native plugins for Editor in 0.00 ms.
Unloading 1228 Unused Serialized files (Serialized files now loaded: 0)
System memory in use before: 67.4 MB.
System memory in use after: 67.4 MB.

Unloading 10 unused Assets to reduce memory usage. Loaded Objects now: 1678.
Total: 1.943000 ms (FindLiveObjects: 0.293000 ms CreateObjectMapping: 0.114200 ms MarkObjects: 1.444400 ms  DeleteObjects: 0.089800 ms)

========================================================================
Received Import Request.
  path: Assets/Script/Player.cs
  artifactKey: Guid(e9a553d3fcaa48e48b660797eb94be8a) Importer(815301076,1909f56bfc062723c751e8b465ee728b)
Start importing Assets/Script/Player.cs using Guid(e9a553d3fcaa48e48b660797eb94be8a) Importer(815301076,1909f56bfc062723c751e8b465ee728b)  -> (artifact id: '1839190bb7b695b739fe63a2963b22ab') in 0.061676 seconds
  Import took 0.063802 seconds .

========================================================================
Received Prepare
Refreshing native plugins compatible for Editor in 0.84 ms, found 0 plugins.
Preloading 0 native plugins for Editor in 0.00 ms.
Unloading 3 Unused Serialized files (Serialized files now loaded: 0)
System memory in use before: 42.9 MB.
System memory in use after: 43.0 MB.

Unloading 3 unused Assets to reduce memory usage. Loaded Objects now: 1678.
Total: 1.801000 ms (FindLiveObjects: 0.122500 ms CreateObjectMapping: 0.033200 ms MarkObjects: 1.583400 ms  DeleteObjects: 0.060900 ms)

========================================================================
Received Prepare
Registering precompiled user dll's ...
Registered in 0.001098 seconds.
Begin MonoManager ReloadAssembly
Native extension for WindowsStandalone target not found
Native extension for OSXStandalone target not found
Native extension for WebGL target not found
Refreshing native plugins compatible for Editor in 0.21 ms, found 0 plugins.
Preloading 0 native plugins for Editor in 0.00 ms.
Mono: successfully reloaded assembly
- Completed reload, in  0.942 seconds
Platform modules already initialized, skipping
Refreshing native plugins compatible for Editor in 0.24 ms, found 0 plugins.
Preloading 0 native plugins for Editor in 0.00 ms.
Unloading 1223 Unused Serialized files (Serialized files now loaded: 0)
System memory in use before: 67.3 MB.
System memory in use after: 67.4 MB.

Unloading 5 unused Assets to reduce memory usage. Loaded Objects now: 1681.
Total: 1.583000 ms (FindLiveObjects: 0.118700 ms CreateObjectMapping: 0.035000 ms MarkObjects: 1.341300 ms  DeleteObjects: 0.087100 ms)

========================================================================
Received Prepare
Registering precompiled user dll's ...
Registered in 0.000981 seconds.
Begin MonoManager ReloadAssembly
Native extension for WindowsStandalone target not found
Native extension for OSXStandalone target not found
Native extension for WebGL target not found
Refreshing native plugins compatible for Editor in 0.26 ms, found 0 plugins.
Preloading 0 native plugins for Editor in 0.00 ms.
Mono: successfully reloaded assembly
- Completed reload, in  0.943 seconds
Platform modules already initialized, skipping
Refreshing native plugins compatible for Editor in 0.25 ms, found 0 plugins.
Preloading 0 native plugins for Editor in 0.00 ms.
Unloading 1227 Unused Serialized files (Serialized files now loaded: 0)
System memory in use before: 67.4 MB.
System memory in use after: 67.5 MB.

Unloading 5 unused Assets to reduce memory usage. Loaded Objects now: 1688.
Total: 1.683600 ms (FindLiveObjects: 0.112700 ms CreateObjectMapping: 0.030500 ms MarkObjects: 1.453800 ms  DeleteObjects: 0.085600 ms)

========================================================================
Received Prepare
Registering precompiled user dll's ...
Registered in 0.001214 seconds.
Begin MonoManager ReloadAssembly
Native extension for WindowsStandalone target not found
Native extension for OSXStandalone target not found
Native extension for WebGL target not found
Refreshing native plugins compatible for Editor in 0.21 ms, found 0 plugins.
Preloading 0 native plugins for Editor in 0.00 ms.
Mono: successfully reloaded assembly
- Completed reload, in  0.951 seconds
Platform modules already initialized, skipping
Refreshing native plugins compatible for Editor in 0.24 ms, found 0 plugins.
Preloading 0 native plugins for Editor in 0.00 ms.
Unloading 1227 Unused Serialized files (Serialized files now loaded: 0)
System memory in use before: 67.4 MB.
System memory in use after: 67.5 MB.

Unloading 5 unused Assets to reduce memory usage. Loaded Objects now: 1691.
Total: 2.316700 ms (FindLiveObjects: 0.121200 ms CreateObjectMapping: 0.033100 ms MarkObjects: 2.070100 ms  DeleteObjects: 0.091300 ms)

========================================================================
Received Import Request.
  Time since last request: 339.939347 seconds.
  path: Assets/Design/AurynSky/Forest Pack/Prefabs/Prefabs_Blue/ForestBanner_Blue.prefab
  artifactKey: Guid(0073cc7a3535b5648b67fc6df3289f29) Importer(815301076,1909f56bfc062723c751e8b465ee728b)
Start importing Assets/Design/AurynSky/Forest Pack/Prefabs/Prefabs_Blue/ForestBanner_Blue.prefab using Guid(0073cc7a3535b5648b67fc6df3289f29) Importer(815301076,1909f56bfc062723c751e8b465ee728b)  -> (artifact id: '66768a1fdcc95d5ab5dc1005017f23d9') in 0.206317 seconds
  Import took 0.208927 seconds .

========================================================================
Received Import Request.
  Time since last request: 0.000368 seconds.
  path: Assets/Design/AurynSky/Forest Pack/Prefabs/Prefabs_Blue/ForestCastle_Blue.prefab
  artifactKey: Guid(72b5f3ccc49ab5c4fa326915f1aabbd8) Importer(815301076,1909f56bfc062723c751e8b465ee728b)
Start importing Assets/Design/AurynSky/Forest Pack/Prefabs/Prefabs_Blue/ForestCastle_Blue.prefab using Guid(72b5f3ccc49ab5c4fa326915f1aabbd8) Importer(815301076,1909f56bfc062723c751e8b465ee728b)  -> (artifact id: 'bc925c290cbe8ff92d78c9b242606b3b') in 0.035023 seconds
  Import took 0.037694 seconds .

========================================================================
Received Import Request.
  Time since last request: 0.000301 seconds.
  path: Assets/Design/AurynSky/Forest Pack/Prefabs/Prefabs_Blue/ForestBrazzierBlue.prefab
  artifactKey: Guid(a29d452ee24577e46b40bd1b5396acc5) Importer(815301076,1909f56bfc062723c751e8b465ee728b)
Start importing Assets/Design/AurynSky/Forest Pack/Prefabs/Prefabs_Blue/ForestBrazzierBlue.prefab using Guid(a29d452ee24577e46b40bd1b5396acc5) Importer(815301076,1909f56bfc062723c751e8b465ee728b)  -> (artifact id: '56e668280288978304d0d2d6802b3005') in 0.027515 seconds
  Import took 0.030441 seconds .

========================================================================
Received Import Request.
  Time since last request: 0.000398 seconds.
  path: Assets/Design/AurynSky/Forest Pack/Prefabs/Prefabs_Blue/ForestCatapult_Blue.prefab
  artifactKey: Guid(43739d3c57ae2ba4cbe919f44dba1d09) Importer(815301076,1909f56bfc062723c751e8b465ee728b)
Start importing Assets/Design/AurynSky/Forest Pack/Prefabs/Prefabs_Blue/ForestCatapult_Blue.prefab using Guid(43739d3c57ae2ba4cbe919f44dba1d09) Importer(815301076,1909f56bfc062723c751e8b465ee728b)  -> (artifact id: 'faca0da8db3e4a3c1c6facdc8f7928cf') in 0.023186 seconds
  Import took 0.026247 seconds .

========================================================================
Received Import Request.
  Time since last request: 0.000318 seconds.
  path: Assets/Design/AurynSky/Forest Pack/Prefabs/Prefabs_Blue/ForestBrazzierBlue.prefab
  artifactKey: Guid(a29d452ee24577e46b40bd1b5396acc5) Importer(815301076,1909f56bfc062723c751e8b465ee728b)
Start importing Assets/Design/AurynSky/Forest Pack/Prefabs/Prefabs_Blue/ForestBrazzierBlue.prefab using Guid(a29d452ee24577e46b40bd1b5396acc5) Importer(815301076,1909f56bfc062723c751e8b465ee728b)  -> (artifact id: '56e668280288978304d0d2d6802b3005') in 0.018253 seconds
  Import took 0.021261 seconds .

========================================================================
Received Import Request.
  Time since last request: 0.000234 seconds.
  path: Assets/Design/AurynSky/Forest Pack/Prefabs/Prefabs_Blue/ForestCastleDoorL_Blue.prefab
  artifactKey: Guid(dcbdac72f171da241abd88df31a61142) Importer(815301076,1909f56bfc062723c751e8b465ee728b)
Start importing Assets/Design/AurynSky/Forest Pack/Prefabs/Prefabs_Blue/ForestCastleDoorL_Blue.prefab using Guid(dcbdac72f171da241abd88df31a61142) Importer(815301076,1909f56bfc062723c751e8b465ee728b)  -> (artifact id: '53f8ce9dde2704dadc70310f25e92148') in 0.016333 seconds
  Import took 0.018974 seconds .

========================================================================
Received Import Request.
  Time since last request: 0.000232 seconds.
  path: Assets/Design/AurynSky/Forest Pack/Prefabs/Prefabs_Blue/ForestTower_Blue.prefab
  artifactKey: Guid(1cace56ba420dd64c9171c422c8e9aaa) Importer(815301076,1909f56bfc062723c751e8b465ee728b)
Start importing Assets/Design/AurynSky/Forest Pack/Prefabs/Prefabs_Blue/ForestTower_Blue.prefab using Guid(1cace56ba420dd64c9171c422c8e9aaa) Importer(815301076,1909f56bfc062723c751e8b465ee728b)  -> (artifact id: '81d12323bac2482c867a7c062849517e') in 0.023563 seconds
  Import took 0.026207 seconds .

========================================================================
Received Import Request.
  Time since last request: 0.000223 seconds.
  path: Assets/Design/AurynSky/Forest Pack/Prefabs/Prefabs_Blue/ForestCastleDoorR_Blue.prefab
  artifactKey: Guid(5032a611cb4fea140b303ed588caeb66) Importer(815301076,1909f56bfc062723c751e8b465ee728b)
Start importing Assets/Design/AurynSky/Forest Pack/Prefabs/Prefabs_Blue/ForestCastleDoorR_Blue.prefab using Guid(5032a611cb4fea140b303ed588caeb66) Importer(815301076,1909f56bfc062723c751e8b465ee728b)  -> (artifact id: 'e3e80b38a8bae55578ddd4c93f48255c') in 0.016798 seconds
  Import took 0.019192 seconds .

========================================================================
Received Import Request.
  Time since last request: 0.000229 seconds.
  path: Assets/Design/AurynSky/Forest Pack/Prefabs/Prefabs_Blue/ForestFlag_Blue.prefab
  artifactKey: Guid(75836cac8af52414c85343289a17535e) Importer(815301076,1909f56bfc062723c751e8b465ee728b)
Start importing Assets/Design/AurynSky/Forest Pack/Prefabs/Prefabs_Blue/ForestFlag_Blue.prefab using Guid(75836cac8af52414c85343289a17535e) Importer(815301076,1909f56bfc062723c751e8b465ee728b)  -> (artifact id: '68374bb04a85a7763320a932ba8a9dbf') in 0.019590 seconds
  Import took 0.022518 seconds .

========================================================================
Received Import Request.
  Time since last request: 0.000929 seconds.
  path: Assets/Design/AurynSky/Forest Pack/Prefabs/Prefabs_Blue/ForestFlag_Blue.prefab
  artifactKey: Guid(75836cac8af52414c85343289a17535e) Importer(815301076,1909f56bfc062723c751e8b465ee728b)
Start importing Assets/Design/AurynSky/Forest Pack/Prefabs/Prefabs_Blue/ForestFlag_Blue.prefab using Guid(75836cac8af52414c85343289a17535e) Importer(815301076,1909f56bfc062723c751e8b465ee728b)  -> (artifact id: '68374bb04a85a7763320a932ba8a9dbf') in 0.020422 seconds
  Import took 0.022835 seconds .

========================================================================
Received Import Request.
  Time since last request: 0.186138 seconds.
  path: Assets/Design/AurynSky/Forest Pack/Prefabs/Prefabs_Red/ForestBanner_Red.prefab
  artifactKey: Guid(6ed1034f9492a344ebd1650ecbc20030) Importer(815301076,1909f56bfc062723c751e8b465ee728b)
Start importing Assets/Design/AurynSky/Forest Pack/Prefabs/Prefabs_Red/ForestBanner_Red.prefab using Guid(6ed1034f9492a344ebd1650ecbc20030) Importer(815301076,1909f56bfc062723c751e8b465ee728b)  -> (artifact id: 'ea2282641ac2f267abd5393acf45d421') in 0.016564 seconds
  Import took 0.019197 seconds .

========================================================================
Received Import Request.
  Time since last request: 0.000386 seconds.
  path: Assets/Design/AurynSky/Forest Pack/Prefabs/Prefabs_Red/ForestCastleDoorL_Red.prefab
  artifactKey: Guid(c44928e7737eb974695c038f3bff9fda) Importer(815301076,1909f56bfc062723c751e8b465ee728b)
Start importing Assets/Design/AurynSky/Forest Pack/Prefabs/Prefabs_Red/ForestCastleDoorL_Red.prefab using Guid(c44928e7737eb974695c038f3bff9fda) Importer(815301076,1909f56bfc062723c751e8b465ee728b)  -> (artifact id: '4b37f8acbc574fc959467ea340312f5e') in 0.021245 seconds
  Import took 0.023618 seconds .

========================================================================
Received Import Request.
  Time since last request: 0.000170 seconds.
  path: Assets/Design/AurynSky/Forest Pack/Prefabs/Prefabs_Red/ForestFlag_Red.prefab
  artifactKey: Guid(86646208869fa9149bdeb0379efee8b9) Importer(815301076,1909f56bfc062723c751e8b465ee728b)
Start importing Assets/Design/AurynSky/Forest Pack/Prefabs/Prefabs_Red/ForestFlag_Red.prefab using Guid(86646208869fa9149bdeb0379efee8b9) Importer(815301076,1909f56bfc062723c751e8b465ee728b)  -> (artifact id: '8ec66c941a5a4116655e9169d3982371') in 0.023909 seconds
  Import took 0.027558 seconds .

========================================================================
Received Import Request.
  Time since last request: 0.000401 seconds.
  path: Assets/Design/AurynSky/Forest Pack/Prefabs/Prefabs_Red/ForestBrazzierRed.prefab
  artifactKey: Guid(b8cd47ec0ed55ef4a81e264386f6aee5) Importer(815301076,1909f56bfc062723c751e8b465ee728b)
Start importing Assets/Design/AurynSky/Forest Pack/Prefabs/Prefabs_Red/ForestBrazzierRed.prefab using Guid(b8cd47ec0ed55ef4a81e264386f6aee5) Importer(815301076,1909f56bfc062723c751e8b465ee728b)  -> (artifact id: '9f820eb5c7bfc98a0d0f2f1499c4423a') in 0.020720 seconds
  Import took 0.023909 seconds .

========================================================================
Received Import Request.
  Time since last request: 0.000382 seconds.
  path: Assets/Design/AurynSky/Forest Pack/Prefabs/Prefabs_Red/ForestCastle_Red.prefab
  artifactKey: Guid(fb6e45a6010fdae4b91b4ccbac21425e) Importer(815301076,1909f56bfc062723c751e8b465ee728b)
Start importing Assets/Design/AurynSky/Forest Pack/Prefabs/Prefabs_Red/ForestCastle_Red.prefab using Guid(fb6e45a6010fdae4b91b4ccbac21425e) Importer(815301076,1909f56bfc062723c751e8b465ee728b)  -> (artifact id: '61521e4e427fc10e21c09f39329a22cd') in 0.028602 seconds
  Import took 0.032273 seconds .

========================================================================
Received Import Request.
  Time since last request: 0.000271 seconds.
  path: Assets/Design/AurynSky/Forest Pack/Prefabs/Prefabs_Red/ForestTower_Red.prefab
  artifactKey: Guid(e7775214e5f7b1f469df26ce7b30e009) Importer(815301076,1909f56bfc062723c751e8b465ee728b)
Start importing Assets/Design/AurynSky/Forest Pack/Prefabs/Prefabs_Red/ForestTower_Red.prefab using Guid(e7775214e5f7b1f469df26ce7b30e009) Importer(815301076,1909f56bfc062723c751e8b465ee728b)  -> (artifact id: '503442bd06bf958c1694d9020dcc0580') in 0.028938 seconds
  Import took 0.031738 seconds .

========================================================================
Received Import Request.
  Time since last request: 0.000271 seconds.
  path: Assets/Design/AurynSky/Forest Pack/Prefabs/Prefabs_Red/ForestCatapult_Red.prefab
  artifactKey: Guid(1c646272db9f13f40a1cc8d87b080552) Importer(815301076,1909f56bfc062723c751e8b465ee728b)
Start importing Assets/Design/AurynSky/Forest Pack/Prefabs/Prefabs_Red/ForestCatapult_Red.prefab using Guid(1c646272db9f13f40a1cc8d87b080552) Importer(815301076,1909f56bfc062723c751e8b465ee728b)  -> (artifact id: '3a93f09f0fdcec5e4eb45db8d3b729f8') in 0.022701 seconds
  Import took 0.025210 seconds .

========================================================================
Received Import Request.
  Time since last request: 0.000221 seconds.
  path: Assets/Design/AurynSky/Forest Pack/Prefabs/Prefabs_Red/ForestCastleDoorR_Red.prefab
  artifactKey: Guid(8460a569480840d449cb9dd635c1b06c) Importer(815301076,1909f56bfc062723c751e8b465ee728b)
Start importing Assets/Design/AurynSky/Forest Pack/Prefabs/Prefabs_Red/ForestCastleDoorR_Red.prefab using Guid(8460a569480840d449cb9dd635c1b06c) Importer(815301076,1909f56bfc062723c751e8b465ee728b)  -> (artifact id: '0afd2a3914993f5baad2a2e84f15162e') in 0.022799 seconds
  Import took 0.025630 seconds .

========================================================================
Received Import Request.
  Time since last request: 0.936204 seconds.
  path: Assets/Design/AurynSky/Forest Pack/Prefabs/Fire.prefab
  artifactKey: Guid(f584b4d5076829f4799f9d4dcf6de929) Importer(815301076,1909f56bfc062723c751e8b465ee728b)
Start importing Assets/Design/AurynSky/Forest Pack/Prefabs/Fire.prefab using Guid(f584b4d5076829f4799f9d4dcf6de929) Importer(815301076,1909f56bfc062723c751e8b465ee728b)  -> (artifact id: 'ae3ec6d3acd5295db180071cf155dab1') in 0.009102 seconds
  Import took 0.011952 seconds .

========================================================================
Received Import Request.
  Time since last request: 0.000321 seconds.
  path: Assets/Design/AurynSky/Forest Pack/Prefabs/ForestBlock01.prefab
  artifactKey: Guid(89843090f5c38c24c9500fe9490ba5c4) Importer(815301076,1909f56bfc062723c751e8b465ee728b)
Start importing Assets/Design/AurynSky/Forest Pack/Prefabs/ForestBlock01.prefab using Guid(89843090f5c38c24c9500fe9490ba5c4) Importer(815301076,1909f56bfc062723c751e8b465ee728b)  -> (artifact id: '104ba95d90ada5379821ab068f3910cc') in 0.019335 seconds
  Import took 0.022090 seconds .

========================================================================
Received Import Request.
  Time since last request: 0.000439 seconds.
  path: Assets/Design/AurynSky/Forest Pack/Prefabs/ForestGroundDirt.prefab
  artifactKey: Guid(13f1670c2e187874784d0f667f9057f5) Importer(815301076,1909f56bfc062723c751e8b465ee728b)
Start importing Assets/Design/AurynSky/Forest Pack/Prefabs/ForestGroundDirt.prefab using Guid(13f1670c2e187874784d0f667f9057f5) Importer(815301076,1909f56bfc062723c751e8b465ee728b)  -> (artifact id: '11a7e16e32e5b14dd0abb539de4a967b') in 0.017618 seconds
  Import took 0.028713 seconds .

========================================================================
Received Import Request.
  Time since last request: 0.000291 seconds.
  path: Assets/Design/AurynSky/Forest Pack/Prefabs/ForestGround02.prefab
  artifactKey: Guid(5cbae0602ce9acf41a98fda3a353569a) Importer(815301076,1909f56bfc062723c751e8b465ee728b)
Start importing Assets/Design/AurynSky/Forest Pack/Prefabs/ForestGround02.prefab using Guid(5cbae0602ce9acf41a98fda3a353569a) Importer(815301076,1909f56bfc062723c751e8b465ee728b)  -> (artifact id: '3680eddbad68243aadfef8b2c981c336') in 0.018471 seconds
  Import took 0.021385 seconds .

========================================================================
Received Import Request.
  Time since last request: 0.000365 seconds.
  path: Assets/Design/AurynSky/Forest Pack/Prefabs/ForestBlock02.prefab
  artifactKey: Guid(3f28852fcfaa2fc4a9956ddd15ba61f0) Importer(815301076,1909f56bfc062723c751e8b465ee728b)
Start importing Assets/Design/AurynSky/Forest Pack/Prefabs/ForestBlock02.prefab using Guid(3f28852fcfaa2fc4a9956ddd15ba61f0) Importer(815301076,1909f56bfc062723c751e8b465ee728b)  -> (artifact id: '609bad72c4ba59e25e8b2d2afd6b6fae') in 0.016371 seconds
  Import took 0.021368 seconds .

========================================================================
Received Import Request.
  Time since last request: 0.000262 seconds.
  path: Assets/Design/AurynSky/Forest Pack/Prefabs/ForestBridgeRegular.prefab
  artifactKey: Guid(38fa18ea33367784c891567389fdfb7a) Importer(815301076,1909f56bfc062723c751e8b465ee728b)
Start importing Assets/Design/AurynSky/Forest Pack/Prefabs/ForestBridgeRegular.prefab using Guid(38fa18ea33367784c891567389fdfb7a) Importer(815301076,1909f56bfc062723c751e8b465ee728b)  -> (artifact id: '53b08a66ce55876dfbc947cf95bde584') in 0.016588 seconds
  Import took 0.019311 seconds .

========================================================================
Received Import Request.
  Time since last request: 0.000282 seconds.
  path: Assets/Design/AurynSky/Forest Pack/Prefabs/ForestCrate.prefab
  artifactKey: Guid(1b5d1a6deebd81e4bba2448d18378844) Importer(815301076,1909f56bfc062723c751e8b465ee728b)
Start importing Assets/Design/AurynSky/Forest Pack/Prefabs/ForestCrate.prefab using Guid(1b5d1a6deebd81e4bba2448d18378844) Importer(815301076,1909f56bfc062723c751e8b465ee728b)  -> (artifact id: 'fb789d259d5d3f0c350182c24869ea7d') in 0.018628 seconds
  Import took 0.021312 seconds .

========================================================================
Received Import Request.
  Time since last request: 0.000253 seconds.
  path: Assets/Design/AurynSky/Forest Pack/Prefabs/ForestGrass02.prefab
  artifactKey: Guid(4c9f6adf60a275840b716082e3482212) Importer(815301076,1909f56bfc062723c751e8b465ee728b)
Start importing Assets/Design/AurynSky/Forest Pack/Prefabs/ForestGrass02.prefab using Guid(4c9f6adf60a275840b716082e3482212) Importer(815301076,1909f56bfc062723c751e8b465ee728b)  -> (artifact id: '04482e2340b63f539da77acf2f3eba5f') in 0.014667 seconds
  Import took 0.017097 seconds .

========================================================================
Received Import Request.
  Time since last request: 0.000263 seconds.
  path: Assets/Design/AurynSky/Forest Pack/Prefabs/ForestTreePineShort.prefab
  artifactKey: Guid(45fe3ec28eac2064d985117cf812ef9d) Importer(815301076,1909f56bfc062723c751e8b465ee728b)
Start importing Assets/Design/AurynSky/Forest Pack/Prefabs/ForestTreePineShort.prefab using Guid(45fe3ec28eac2064d985117cf812ef9d) Importer(815301076,1909f56bfc062723c751e8b465ee728b)  -> (artifact id: '7adeb64c92f8526f37891689f5cbdb2e') in 0.016966 seconds
  Import took 0.019605 seconds .

========================================================================
Received Import Request.
  Time since last request: 0.000284 seconds.
  path: Assets/Design/AurynSky/Forest Pack/Prefabs/ForestBridgeWide.prefab
  artifactKey: Guid(ba7e7b47e14ac404fbe09194158fbf80) Importer(815301076,1909f56bfc062723c751e8b465ee728b)
Start importing Assets/Design/AurynSky/Forest Pack/Prefabs/ForestBridgeWide.prefab using Guid(ba7e7b47e14ac404fbe09194158fbf80) Importer(815301076,1909f56bfc062723c751e8b465ee728b)  -> (artifact id: '85df3bcf96a8ad95fc12198dcb00736e') in 0.018493 seconds
  Import took 0.021138 seconds .

========================================================================
Received Import Request.
  Time since last request: 0.000242 seconds.
  path: Assets/Design/AurynSky/Forest Pack/Prefabs/ForestGround01.prefab
  artifactKey: Guid(1d9cc67243350f643b8c562ed0503c49) Importer(815301076,1909f56bfc062723c751e8b465ee728b)
Start importing Assets/Design/AurynSky/Forest Pack/Prefabs/ForestGround01.prefab using Guid(1d9cc67243350f643b8c562ed0503c49) Importer(815301076,1909f56bfc062723c751e8b465ee728b)  -> (artifact id: '6651bea75f6914f2d603be454670cb8a') in 0.021259 seconds
  Import took 0.023899 seconds .

========================================================================
Received Import Request.
  Time since last request: 0.000267 seconds.
  path: Assets/Design/AurynSky/Forest Pack/Prefabs/ForestTreeDTall.prefab
  artifactKey: Guid(eb322b3f7ad50984197dced1b53b11ee) Importer(815301076,1909f56bfc062723c751e8b465ee728b)
Start importing Assets/Design/AurynSky/Forest Pack/Prefabs/ForestTreeDTall.prefab using Guid(eb322b3f7ad50984197dced1b53b11ee) Importer(815301076,1909f56bfc062723c751e8b465ee728b)  -> (artifact id: '565a3c7e095788bf031c3ec89d907e28') in 0.017867 seconds
  Import took 0.020739 seconds .

========================================================================
Received Import Request.
  Time since last request: 0.000286 seconds.
  path: Assets/Design/AurynSky/Forest Pack/Prefabs/ForestBarrel.prefab
  artifactKey: Guid(31d3a77f906791342bc79acdc84f5218) Importer(815301076,1909f56bfc062723c751e8b465ee728b)
Start importing Assets/Design/AurynSky/Forest Pack/Prefabs/ForestBarrel.prefab using Guid(31d3a77f906791342bc79acdc84f5218) Importer(815301076,1909f56bfc062723c751e8b465ee728b)  -> (artifact id: '14d7635888fcdec83ec9dc9285da8fac') in 0.018677 seconds
  Import took 0.021133 seconds .

========================================================================
Received Import Request.
  Time since last request: 0.000249 seconds.
  path: Assets/Design/AurynSky/Forest Pack/Prefabs/ForestGrass01.prefab
  artifactKey: Guid(6c919ec1c1e88a94c95afc28b198b9f8) Importer(815301076,1909f56bfc062723c751e8b465ee728b)
Start importing Assets/Design/AurynSky/Forest Pack/Prefabs/ForestGrass01.prefab using Guid(6c919ec1c1e88a94c95afc28b198b9f8) Importer(815301076,1909f56bfc062723c751e8b465ee728b)  -> (artifact id: 'ab477c129c0c5fa5d71fa98f0d812be5') in 0.026962 seconds
  Import took 0.043008 seconds .

========================================================================
Received Import Request.
  Time since last request: 0.000261 seconds.
  path: Assets/Design/AurynSky/Forest Pack/Prefabs/RiverQuadCombined.prefab
  artifactKey: Guid(7fe364418169a2e4f9dd663ecb4d5311) Importer(815301076,1909f56bfc062723c751e8b465ee728b)
Start importing Assets/Design/AurynSky/Forest Pack/Prefabs/RiverQuadCombined.prefab using Guid(7fe364418169a2e4f9dd663ecb4d5311) Importer(815301076,1909f56bfc062723c751e8b465ee728b)  -> (artifact id: '5daab0de498d6e98a590fdc146cb46e0') in 0.023461 seconds
  Import took 0.025996 seconds .

========================================================================
Received Import Request.
  Time since last request: 0.000215 seconds.
  path: Assets/Design/AurynSky/Forest Pack/Prefabs/ForestTreeAppleShort.prefab
  artifactKey: Guid(f4f82206765cef54ca8f19ce34136e8a) Importer(815301076,1909f56bfc062723c751e8b465ee728b)
Start importing Assets/Design/AurynSky/Forest Pack/Prefabs/ForestTreeAppleShort.prefab using Guid(f4f82206765cef54ca8f19ce34136e8a) Importer(815301076,1909f56bfc062723c751e8b465ee728b)  -> (artifact id: 'fe67db4209061493a4cae21e24e1b977') in 0.018580 seconds
  Import took 0.021396 seconds .

========================================================================
Received Import Request.
  Time since last request: 0.000205 seconds.
  path: Assets/Design/AurynSky/Forest Pack/Prefabs/ForestTreeDShort.prefab
  artifactKey: Guid(018e38b65bc9fb048a9c4271cdad70c2) Importer(815301076,1909f56bfc062723c751e8b465ee728b)
Start importing Assets/Design/AurynSky/Forest Pack/Prefabs/ForestTreeDShort.prefab using Guid(018e38b65bc9fb048a9c4271cdad70c2) Importer(815301076,1909f56bfc062723c751e8b465ee728b)  -> (artifact id: '7c3d61d316d8cb34ad5b1cf593eea119') in 0.016864 seconds
  Import took 0.019738 seconds .

========================================================================
Received Import Request.
  Time since last request: 0.000255 seconds.
  path: Assets/Design/AurynSky/Forest Pack/Prefabs/ForestTreePineShort2.prefab
  artifactKey: Guid(7ad57e94574375240b181f8584be81c2) Importer(815301076,1909f56bfc062723c751e8b465ee728b)
Start importing Assets/Design/AurynSky/Forest Pack/Prefabs/ForestTreePineShort2.prefab using Guid(7ad57e94574375240b181f8584be81c2) Importer(815301076,1909f56bfc062723c751e8b465ee728b)  -> (artifact id: 'ceef0a12b90b02cc691f9498dcdaab32') in 0.018233 seconds
  Import took 0.029047 seconds .

========================================================================
Received Import Request.
  Time since last request: 0.000217 seconds.
  path: Assets/Design/AurynSky/Forest Pack/Prefabs/ForestCastleWindow.prefab
  artifactKey: Guid(fb44b6ca36ace2c46b5dd7d4bf32e371) Importer(815301076,1909f56bfc062723c751e8b465ee728b)
Start importing Assets/Design/AurynSky/Forest Pack/Prefabs/ForestCastleWindow.prefab using Guid(fb44b6ca36ace2c46b5dd7d4bf32e371) Importer(815301076,1909f56bfc062723c751e8b465ee728b)  -> (artifact id: 'aa84629bf0d6430967f87532600f68aa') in 0.018297 seconds
  Import took 0.021100 seconds .

========================================================================
Received Import Request.
  Time since last request: 0.000221 seconds.
  path: Assets/Design/AurynSky/Forest Pack/Prefabs/ForestTreeAppleTall.prefab
  artifactKey: Guid(7747cd3716304194fb26aa4e29900eb1) Importer(815301076,1909f56bfc062723c751e8b465ee728b)
Start importing Assets/Design/AurynSky/Forest Pack/Prefabs/ForestTreeAppleTall.prefab using Guid(7747cd3716304194fb26aa4e29900eb1) Importer(815301076,1909f56bfc062723c751e8b465ee728b)  -> (artifact id: 'db8a14db302765444b369b8c599fb7b8') in 0.020350 seconds
  Import took 0.023742 seconds .

========================================================================
Received Import Request.
  Time since last request: 0.000225 seconds.
  path: Assets/Design/AurynSky/Forest Pack/Prefabs/ForestTreePineTall2.prefab
  artifactKey: Guid(bb8b831afcc06c64f9df984b2ccb8642) Importer(815301076,1909f56bfc062723c751e8b465ee728b)
Start importing Assets/Design/AurynSky/Forest Pack/Prefabs/ForestTreePineTall2.prefab using Guid(bb8b831afcc06c64f9df984b2ccb8642) Importer(815301076,1909f56bfc062723c751e8b465ee728b)  -> (artifact id: '3d3d823c44ae938b2e525c958c6b9c97') in 0.015863 seconds
  Import took 0.019680 seconds .

========================================================================
Received Import Request.
  Time since last request: 0.000102 seconds.
  path: Assets/Design/AurynSky/Forest Pack/Prefabs/ForestTreePineTall.prefab
  artifactKey: Guid(e150e8680dcf9784a89843e55668ad0e) Importer(815301076,1909f56bfc062723c751e8b465ee728b)
Start importing Assets/Design/AurynSky/Forest Pack/Prefabs/ForestTreePineTall.prefab using Guid(e150e8680dcf9784a89843e55668ad0e) Importer(815301076,1909f56bfc062723c751e8b465ee728b)  -> (artifact id: '01e43459015742e0414a9b2117dfb143') in 0.018944 seconds
  Import took 0.021460 seconds .

========================================================================
Received Import Request.
  Time since last request: 0.000211 seconds.
  path: Assets/Design/AurynSky/Forest Pack/Prefabs/ForestLadder.prefab
  artifactKey: Guid(8d102e899c856934a9f58af9c7508d59) Importer(815301076,1909f56bfc062723c751e8b465ee728b)
Start importing Assets/Design/AurynSky/Forest Pack/Prefabs/ForestLadder.prefab using Guid(8d102e899c856934a9f58af9c7508d59) Importer(815301076,1909f56bfc062723c751e8b465ee728b)  -> (artifact id: '8caffd2a7aa865d9330d50b13116c26c') in 0.014727 seconds
  Import took 0.018389 seconds .

========================================================================
Received Import Request.
  Time since last request: 0.003996 seconds.
  path: Assets/Design/AurynSky/Forest Pack/Prefabs/ForestLadder.prefab
  artifactKey: Guid(8d102e899c856934a9f58af9c7508d59) Importer(815301076,1909f56bfc062723c751e8b465ee728b)
Start importing Assets/Design/AurynSky/Forest Pack/Prefabs/ForestLadder.prefab using Guid(8d102e899c856934a9f58af9c7508d59) Importer(815301076,1909f56bfc062723c751e8b465ee728b)  -> (artifact id: '8caffd2a7aa865d9330d50b13116c26c') in 0.014421 seconds
  Import took 0.017227 seconds .

========================================================================
Received Import Request.
  Time since last request: 0.036757 seconds.
  path: Assets/Design/AurynSky/Forest Pack/Models/ForestBanner.fbx
  artifactKey: Guid(73866947821a91c4d9d1b41582ae7767) Importer(815301076,1909f56bfc062723c751e8b465ee728b)
Start importing Assets/Design/AurynSky/Forest Pack/Models/ForestBanner.fbx using Guid(73866947821a91c4d9d1b41582ae7767) Importer(815301076,1909f56bfc062723c751e8b465ee728b)  -> (artifact id: '51af0f025fcf7bb082749658f178b170') in 0.266844 seconds
  Import took 0.269561 seconds .

========================================================================
Received Import Request.
  Time since last request: 0.000427 seconds.
  path: Assets/Design/AurynSky/Forest Pack/Models/ForestCastleDoorL.fbx
  artifactKey: Guid(e6fbed5d470b480408c5d2f5c87db564) Importer(815301076,1909f56bfc062723c751e8b465ee728b)
Start importing Assets/Design/AurynSky/Forest Pack/Models/ForestCastleDoorL.fbx using Guid(e6fbed5d470b480408c5d2f5c87db564) Importer(815301076,1909f56bfc062723c751e8b465ee728b)  -> (artifact id: '154a6c547617a6f4cdbcf89ecda6a873') in 0.027932 seconds
  Import took 0.030292 seconds .

========================================================================
Received Import Request.
  Time since last request: 0.000388 seconds.
  path: Assets/Design/AurynSky/Forest Pack/Models/ForestCrate.fbx
  artifactKey: Guid(a1f37417ef7b6c14cbbc17f7295996c7) Importer(815301076,1909f56bfc062723c751e8b465ee728b)
Start importing Assets/Design/AurynSky/Forest Pack/Models/ForestCrate.fbx using Guid(a1f37417ef7b6c14cbbc17f7295996c7) Importer(815301076,1909f56bfc062723c751e8b465ee728b)  -> (artifact id: '2b4dff1b931b72a5bba976f338db8073') in 0.030685 seconds
  Import took 0.033145 seconds .

========================================================================
Received Import Request.
  Time since last request: 0.000400 seconds.
  path: Assets/Design/AurynSky/Forest Pack/Models/ForestGroundDirt.fbx
  artifactKey: Guid(dac1f6a026468af46b8928893e3eea27) Importer(815301076,1909f56bfc062723c751e8b465ee728b)
Start importing Assets/Design/AurynSky/Forest Pack/Models/ForestGroundDirt.fbx using Guid(dac1f6a026468af46b8928893e3eea27) Importer(815301076,1909f56bfc062723c751e8b465ee728b)  -> (artifact id: 'edecf8659bdb024053d2c9135a0e567c') in 0.025601 seconds
  Import took 0.042959 seconds .

========================================================================
Received Import Request.
  Time since last request: 0.000303 seconds.
  path: Assets/Design/AurynSky/Forest Pack/Models/ForestFlag.fbx
  artifactKey: Guid(c2384f4f142bbcc4a95566c55927a024) Importer(815301076,1909f56bfc062723c751e8b465ee728b)
Start importing Assets/Design/AurynSky/Forest Pack/Models/ForestFlag.fbx using Guid(c2384f4f142bbcc4a95566c55927a024) Importer(815301076,1909f56bfc062723c751e8b465ee728b)  -> (artifact id: 'f1d22431e80865f2d2067699bbbf69c7') in 0.036161 seconds
  Import took 0.038733 seconds .

========================================================================
Received Import Request.
  Time since last request: 0.000299 seconds.
  path: Assets/Design/AurynSky/Forest Pack/Models/ForestGround02.fbx
  artifactKey: Guid(caca2dfcd7da619408439605ff0667a4) Importer(815301076,1909f56bfc062723c751e8b465ee728b)
Start importing Assets/Design/AurynSky/Forest Pack/Models/ForestGround02.fbx using Guid(caca2dfcd7da619408439605ff0667a4) Importer(815301076,1909f56bfc062723c751e8b465ee728b)  -> (artifact id: '6ed1d1362ebb5e8d9c6a46e51d481922') in 0.033438 seconds
  Import took 0.035815 seconds .

========================================================================
Received Import Request.
  Time since last request: 0.000333 seconds.
  path: Assets/Design/AurynSky/Forest Pack/Models/ForestBridgeRegular.fbx
  artifactKey: Guid(27f378e54c3d81f44b2a8420b6896d59) Importer(815301076,1909f56bfc062723c751e8b465ee728b)
Start importing Assets/Design/AurynSky/Forest Pack/Models/ForestBridgeRegular.fbx using Guid(27f378e54c3d81f44b2a8420b6896d59) Importer(815301076,1909f56bfc062723c751e8b465ee728b)  -> (artifact id: '2a3098c5df1b2d93b59db51047b71604') in 0.029303 seconds
  Import took 0.031871 seconds .

========================================================================
Received Import Request.
  Time since last request: 0.000258 seconds.
  path: Assets/Design/AurynSky/Forest Pack/Models/ForestCatapultBase.fbx
  artifactKey: Guid(e661daaaebf587c4cae7c914305ccc2e) Importer(815301076,1909f56bfc062723c751e8b465ee728b)
Start importing Assets/Design/AurynSky/Forest Pack/Models/ForestCatapultBase.fbx using Guid(e661daaaebf587c4cae7c914305ccc2e) Importer(815301076,1909f56bfc062723c751e8b465ee728b)  -> (artifact id: 'd903f9bea0989437e526f6dbdcc31ca7') in 0.037961 seconds
  Import took 0.040773 seconds .

========================================================================
Received Import Request.
  Time since last request: 0.000241 seconds.
  path: Assets/Design/AurynSky/Forest Pack/Models/ForestCoin.fbx
  artifactKey: Guid(200be9953d192cd48a8b41a5db3fd1bf) Importer(815301076,1909f56bfc062723c751e8b465ee728b)
Start importing Assets/Design/AurynSky/Forest Pack/Models/ForestCoin.fbx using Guid(200be9953d192cd48a8b41a5db3fd1bf) Importer(815301076,1909f56bfc062723c751e8b465ee728b)  -> (artifact id: 'e638a5818636aed35c4f091f6af4188c') in 0.035794 seconds
  Import took 0.038620 seconds .

========================================================================
Received Import Request.
  Time since last request: 0.000424 seconds.
  path: Assets/Design/AurynSky/Forest Pack/Models/ForestGround01.fbx
  artifactKey: Guid(f9fc7ec022f09a6418b1b6f97f0c887b) Importer(815301076,1909f56bfc062723c751e8b465ee728b)
Start importing Assets/Design/AurynSky/Forest Pack/Models/ForestGround01.fbx using Guid(f9fc7ec022f09a6418b1b6f97f0c887b) Importer(815301076,1909f56bfc062723c751e8b465ee728b)  -> (artifact id: 'c897520f114dec991c72843cb3f20c35') in 0.025284 seconds
  Import took 0.027991 seconds .

========================================================================
Received Import Request.
  Time since last request: 0.000223 seconds.
  path: Assets/Design/AurynSky/Forest Pack/Models/ForestBlock01.fbx
  artifactKey: Guid(8f059788f09129548819124918076d2e) Importer(815301076,1909f56bfc062723c751e8b465ee728b)
Start importing Assets/Design/AurynSky/Forest Pack/Models/ForestBlock01.fbx using Guid(8f059788f09129548819124918076d2e) Importer(815301076,1909f56bfc062723c751e8b465ee728b)  -> (artifact id: '00999ebeff2854148ea854e43fb70a3e') in 0.024175 seconds
  Import took 0.026688 seconds .

========================================================================
Received Import Request.
  Time since last request: 0.000206 seconds.
  path: Assets/Design/AurynSky/Forest Pack/Models/ForestBridgeWide.fbx
  artifactKey: Guid(fe63f0532f7ca0b47b859b94db3dff06) Importer(815301076,1909f56bfc062723c751e8b465ee728b)
Start importing Assets/Design/AurynSky/Forest Pack/Models/ForestBridgeWide.fbx using Guid(fe63f0532f7ca0b47b859b94db3dff06) Importer(815301076,1909f56bfc062723c751e8b465ee728b)  -> (artifact id: '38487fa78f1335e324b582dfdc12e5dc') in 0.023842 seconds
  Import took 0.026384 seconds .

========================================================================
Received Import Request.
  Time since last request: 0.000242 seconds.
  path: Assets/Design/AurynSky/Forest Pack/Models/ForestCastleDoorR.fbx
  artifactKey: Guid(9093fea64d769c14686f81a998814598) Importer(815301076,1909f56bfc062723c751e8b465ee728b)
Start importing Assets/Design/AurynSky/Forest Pack/Models/ForestCastleDoorR.fbx using Guid(9093fea64d769c14686f81a998814598) Importer(815301076,1909f56bfc062723c751e8b465ee728b)  -> (artifact id: 'fde85d049072905851f526687b9ce4ce') in 0.024266 seconds
  Import took 0.027116 seconds .

========================================================================
Received Import Request.
  Time since last request: 0.000242 seconds.
  path: Assets/Design/AurynSky/Forest Pack/Models/ForestChestTop.fbx
  artifactKey: Guid(55df886252da3624fbe98bce822145ff) Importer(815301076,1909f56bfc062723c751e8b465ee728b)
Start importing Assets/Design/AurynSky/Forest Pack/Models/ForestChestTop.fbx using Guid(55df886252da3624fbe98bce822145ff) Importer(815301076,1909f56bfc062723c751e8b465ee728b)  -> (artifact id: '7f304253c5b916166085e9162446a8a5') in 0.024996 seconds
  Import took 0.027518 seconds .

========================================================================
Received Import Request.
  Time since last request: 0.000224 seconds.
  path: Assets/Design/AurynSky/Forest Pack/Models/ForestCatapultWheel.fbx
  artifactKey: Guid(3d789200e36f37548bdc5333aed7f702) Importer(815301076,1909f56bfc062723c751e8b465ee728b)
Start importing Assets/Design/AurynSky/Forest Pack/Models/ForestCatapultWheel.fbx using Guid(3d789200e36f37548bdc5333aed7f702) Importer(815301076,1909f56bfc062723c751e8b465ee728b)  -> (artifact id: '6500626174a96c7b990c42714c91e240') in 0.028197 seconds
  Import took 0.030573 seconds .

========================================================================
Received Import Request.
  Time since last request: 0.000413 seconds.
  path: Assets/Design/AurynSky/Forest Pack/Models/ForestChestBottom.fbx
  artifactKey: Guid(0e5f540077da33c4eab7f0f7f1121747) Importer(815301076,1909f56bfc062723c751e8b465ee728b)
Start importing Assets/Design/AurynSky/Forest Pack/Models/ForestChestBottom.fbx using Guid(0e5f540077da33c4eab7f0f7f1121747) Importer(815301076,1909f56bfc062723c751e8b465ee728b)  -> (artifact id: '555a5e2bec2e7936f0e8ff488d6bb0c7') in 0.023531 seconds
  Import took 0.026744 seconds .

========================================================================
Received Import Request.
  Time since last request: 0.000258 seconds.
  path: Assets/Design/AurynSky/Forest Pack/Models/ForestGrass02.fbx
  artifactKey: Guid(b1243bcbb8ed74e4ab8fd4d283783ff0) Importer(815301076,1909f56bfc062723c751e8b465ee728b)
Start importing Assets/Design/AurynSky/Forest Pack/Models/ForestGrass02.fbx using Guid(b1243bcbb8ed74e4ab8fd4d283783ff0) Importer(815301076,1909f56bfc062723c751e8b465ee728b)  -> (artifact id: '3d8638f7d0aeaa03a345d1c6d491adad') in 0.026028 seconds
  Import took 0.028980 seconds .

========================================================================
Received Import Request.
  Time since last request: 0.000238 seconds.
  path: Assets/Design/AurynSky/Forest Pack/Models/ForestBlock02.fbx
  artifactKey: Guid(481b9e0107aab3041b49f72c38151e69) Importer(815301076,1909f56bfc062723c751e8b465ee728b)
Start importing Assets/Design/AurynSky/Forest Pack/Models/ForestBlock02.fbx using Guid(481b9e0107aab3041b49f72c38151e69) Importer(815301076,1909f56bfc062723c751e8b465ee728b)  -> (artifact id: 'f920198789bf28cb757287d1583055cf') in 0.037184 seconds
  Import took 0.039587 seconds .

========================================================================
Received Import Request.
  Time since last request: 0.000214 seconds.
  path: Assets/Design/AurynSky/Forest Pack/Models/ForestCastleWindow.fbx
  artifactKey: Guid(1eab687d6dbcf7847ab55b00b3c9c91b) Importer(815301076,1909f56bfc062723c751e8b465ee728b)
Start importing Assets/Design/AurynSky/Forest Pack/Models/ForestCastleWindow.fbx using Guid(1eab687d6dbcf7847ab55b00b3c9c91b) Importer(815301076,1909f56bfc062723c751e8b465ee728b)  -> (artifact id: 'ab8daf66009dcf77cd6155569a183acd') in 0.028809 seconds
  Import took 0.031260 seconds .

========================================================================
Received Import Request.
  Time since last request: 0.000221 seconds.
  path: Assets/Design/AurynSky/Forest Pack/Models/ForestCatapultArm.fbx
  artifactKey: Guid(40ae94ff29e3cc14684b05ba0fd90f05) Importer(815301076,1909f56bfc062723c751e8b465ee728b)
Start importing Assets/Design/AurynSky/Forest Pack/Models/ForestCatapultArm.fbx using Guid(40ae94ff29e3cc14684b05ba0fd90f05) Importer(815301076,1909f56bfc062723c751e8b465ee728b)  -> (artifact id: 'af87b02c6fc13c5eade08d504d03081a') in 0.041061 seconds
  Import took 0.043804 seconds .

========================================================================
Received Import Request.
  Time since last request: 0.000268 seconds.
  path: Assets/Design/AurynSky/Forest Pack/Models/ForestCannonBall.fbx
  artifactKey: Guid(18a61d73650d23046b60f8a548888c12) Importer(815301076,1909f56bfc062723c751e8b465ee728b)
Start importing Assets/Design/AurynSky/Forest Pack/Models/ForestCannonBall.fbx using Guid(18a61d73650d23046b60f8a548888c12) Importer(815301076,1909f56bfc062723c751e8b465ee728b)  -> (artifact id: '6902abc4847a309fc7b0430f1f8fdfb4') in 0.028423 seconds
  Import took 0.030793 seconds .

========================================================================
Received Import Request.
  Time since last request: 0.000218 seconds.
  path: Assets/Design/AurynSky/Forest Pack/Models/ForestBrazzier.fbx
  artifactKey: Guid(d6810d6654be8544f9195fa0f6d1121a) Importer(815301076,1909f56bfc062723c751e8b465ee728b)
Start importing Assets/Design/AurynSky/Forest Pack/Models/ForestBrazzier.fbx using Guid(d6810d6654be8544f9195fa0f6d1121a) Importer(815301076,1909f56bfc062723c751e8b465ee728b)  -> (artifact id: 'a21b67ed8132bf9979263c470afd9c46') in 0.024408 seconds
  Import took 0.026676 seconds .

========================================================================
Received Import Request.
  Time since last request: 0.000225 seconds.
  path: Assets/Design/AurynSky/Forest Pack/Models/ForestGrass01.fbx
  artifactKey: Guid(dc09b7fdd0db0bd499b52f8862b84c83) Importer(815301076,1909f56bfc062723c751e8b465ee728b)
Start importing Assets/Design/AurynSky/Forest Pack/Models/ForestGrass01.fbx using Guid(dc09b7fdd0db0bd499b52f8862b84c83) Importer(815301076,1909f56bfc062723c751e8b465ee728b)  -> (artifact id: '95e620e0956d1a3aaebb56e75c48bc87') in 0.022068 seconds
  Import took 0.025064 seconds .

========================================================================
Received Import Request.
  Time since last request: 0.000280 seconds.
  path: Assets/Design/AurynSky/Forest Pack/Models/ForestCastle.fbx
  artifactKey: Guid(758bef35d3e7c74459b15b2b738f7931) Importer(815301076,1909f56bfc062723c751e8b465ee728b)
Start importing Assets/Design/AurynSky/Forest Pack/Models/ForestCastle.fbx using Guid(758bef35d3e7c74459b15b2b738f7931) Importer(815301076,1909f56bfc062723c751e8b465ee728b)  -> (artifact id: '5b209e7d2131fde7b8b47e97d9d7b14f') in 0.023653 seconds
  Import took 0.026219 seconds .

========================================================================
Received Import Request.
  Time since last request: 0.000225 seconds.
  path: Assets/Design/AurynSky/Forest Pack/Models/ForestBarrel.fbx
  artifactKey: Guid(0e448df1bb3fe6d44ae7119bf0d484aa) Importer(815301076,1909f56bfc062723c751e8b465ee728b)
Start importing Assets/Design/AurynSky/Forest Pack/Models/ForestBarrel.fbx using Guid(0e448df1bb3fe6d44ae7119bf0d484aa) Importer(815301076,1909f56bfc062723c751e8b465ee728b)  -> (artifact id: 'a54744d657b1ab6f0a2bb1e8fe59edff') in 0.024532 seconds
  Import took 0.026823 seconds .

========================================================================
Received Import Request.
  Time since last request: 0.085681 seconds.
  path: Assets/Design/AurynSky/Forest Pack/Materials/ColorPaletteBLUE.mat
  artifactKey: Guid(e77b003cd8771304abfc74dd93c9f934) Importer(815301076,1909f56bfc062723c751e8b465ee728b)
Start importing Assets/Design/AurynSky/Forest Pack/Materials/ColorPaletteBLUE.mat using Guid(e77b003cd8771304abfc74dd93c9f934) Importer(815301076,1909f56bfc062723c751e8b465ee728b)  -> (artifact id: '122d9b00ad6b9ab08dab00f8eeb21bad') in 0.023224 seconds
  Import took 0.170972 seconds .

========================================================================
Received Import Request.
  Time since last request: 0.000383 seconds.
  path: Assets/Design/AurynSky/Forest Pack/Materials/ColorPaletteNormal.mat
  artifactKey: Guid(f731a2ae89bef7a47a008811dfbd4680) Importer(815301076,1909f56bfc062723c751e8b465ee728b)
Start importing Assets/Design/AurynSky/Forest Pack/Materials/ColorPaletteNormal.mat using Guid(f731a2ae89bef7a47a008811dfbd4680) Importer(815301076,1909f56bfc062723c751e8b465ee728b)  -> (artifact id: '5ec798d7403143e1e1e69968fd9224e4') in 0.016625 seconds
  Import took 0.019093 seconds .

========================================================================
Received Import Request.
  Time since last request: 0.000308 seconds.
  path: Assets/Design/AurynSky/Forest Pack/Materials/Water.mat
  artifactKey: Guid(db6fe5b017a481740b6a70f2ea5860d5) Importer(815301076,1909f56bfc062723c751e8b465ee728b)
Start importing Assets/Design/AurynSky/Forest Pack/Materials/Water.mat using Guid(db6fe5b017a481740b6a70f2ea5860d5) Importer(815301076,1909f56bfc062723c751e8b465ee728b)  -> (artifact id: '1a79364c542acedb1687e2b94084302a') in 0.019336 seconds
  Import took 0.022105 seconds .

========================================================================
Received Import Request.
  Time since last request: 0.000428 seconds.
  path: Assets/Design/AurynSky/Forest Pack/Materials/ColorPaletteRED.mat
  artifactKey: Guid(4484256e7ebbe4a4eab77924649bab61) Importer(815301076,1909f56bfc062723c751e8b465ee728b)
Start importing Assets/Design/AurynSky/Forest Pack/Materials/ColorPaletteRED.mat using Guid(4484256e7ebbe4a4eab77924649bab61) Importer(815301076,1909f56bfc062723c751e8b465ee728b)  -> (artifact id: 'ceb5ee4e2c409aea89592f5b71a13190') in 0.018128 seconds
  Import took 0.021670 seconds .

========================================================================
Received Import Request.
  Time since last request: 0.000387 seconds.
  path: Assets/Design/AurynSky/Forest Pack/Materials/CubeParticles.mat
  artifactKey: Guid(55d3cd30aa20d634f8c2388d479742d1) Importer(815301076,1909f56bfc062723c751e8b465ee728b)
Start importing Assets/Design/AurynSky/Forest Pack/Materials/CubeParticles.mat using Guid(55d3cd30aa20d634f8c2388d479742d1) Importer(815301076,1909f56bfc062723c751e8b465ee728b)  -> (artifact id: '3c6de1234a2a3b0cd33e37a75206caf6') in 0.016870 seconds
  Import took 0.019905 seconds .

========================================================================
Received Import Request.
  Time since last request: 0.000333 seconds.
  path: Assets/Design/AurynSky/Forest Pack/Materials/ShowCase.mat
  artifactKey: Guid(ce6846b6b5ba77f4e83630cc67fcd60d) Importer(815301076,1909f56bfc062723c751e8b465ee728b)
Start importing Assets/Design/AurynSky/Forest Pack/Materials/ShowCase.mat using Guid(ce6846b6b5ba77f4e83630cc67fcd60d) Importer(815301076,1909f56bfc062723c751e8b465ee728b)  -> (artifact id: '8fb344b4f2f45593173c488e63d02e67') in 0.018649 seconds
  Import took 0.021599 seconds .

========================================================================
Received Import Request.
  Time since last request: 0.000326 seconds.
  path: Assets/Design/AurynSky/Forest Pack/Materials/WaterTile.mat
  artifactKey: Guid(3f14906e08078944dab937a623780258) Importer(815301076,1909f56bfc062723c751e8b465ee728b)
Start importing Assets/Design/AurynSky/Forest Pack/Materials/WaterTile.mat using Guid(3f14906e08078944dab937a623780258) Importer(815301076,1909f56bfc062723c751e8b465ee728b)  -> (artifact id: 'c15e195345b24fbf3e15dd60abe26422') in 0.017630 seconds
  Import took 0.021901 seconds .

========================================================================
Received Import Request.
  Time since last request: 0.000501 seconds.
  path: Assets/Design/AurynSky/Forest Pack/Materials/ShowCase.mat
  artifactKey: Guid(ce6846b6b5ba77f4e83630cc67fcd60d) Importer(815301076,1909f56bfc062723c751e8b465ee728b)
Start importing Assets/Design/AurynSky/Forest Pack/Materials/ShowCase.mat using Guid(ce6846b6b5ba77f4e83630cc67fcd60d) Importer(815301076,1909f56bfc062723c751e8b465ee728b)  -> (artifact id: '8fb344b4f2f45593173c488e63d02e67') in 0.013395 seconds
  Import took 0.018058 seconds .

========================================================================
Received Import Request.
  Time since last request: 4.200533 seconds.
  path: Assets/Design/AurynSky/Forest Pack/Textures/ColorPaletteBLUE.png
  artifactKey: Guid(d5fb391f53f55904c8e59e6670523ab9) Importer(815301076,1909f56bfc062723c751e8b465ee728b)
Start importing Assets/Design/AurynSky/Forest Pack/Textures/ColorPaletteBLUE.png using Guid(d5fb391f53f55904c8e59e6670523ab9) Importer(815301076,1909f56bfc062723c751e8b465ee728b)  -> (artifact id: 'a37e8fea1ad8199e364ead610c905479') in 0.033312 seconds
  Import took 0.035689 seconds .

========================================================================
Received Import Request.
  Time since last request: 0.000449 seconds.
  path: Assets/Design/AurynSky/Forest Pack/Textures/ColorPaletteRed.png
  artifactKey: Guid(5c87e1c6b6eff8b4abe9ea58df2b3b2f) Importer(815301076,1909f56bfc062723c751e8b465ee728b)
Start importing Assets/Design/AurynSky/Forest Pack/Textures/ColorPaletteRed.png using Guid(5c87e1c6b6eff8b4abe9ea58df2b3b2f) Importer(815301076,1909f56bfc062723c751e8b465ee728b)  -> (artifact id: '6fac8fe3b1396db701953643b099cdaf') in 0.013007 seconds
  Import took 0.015721 seconds .

========================================================================
Received Import Request.
  Time since last request: 0.000433 seconds.
  path: Assets/Design/AurynSky/Forest Pack/Textures/Water.psd
  artifactKey: Guid(25315fb78afed0e4b9a0e1681097767f) Importer(815301076,1909f56bfc062723c751e8b465ee728b)
Start importing Assets/Design/AurynSky/Forest Pack/Textures/Water.psd using Guid(25315fb78afed0e4b9a0e1681097767f) Importer(815301076,1909f56bfc062723c751e8b465ee728b)  -> (artifact id: '335e85465c7a716cf1e46dbed03db2ed') in 0.029819 seconds
  Import took 0.032234 seconds .

========================================================================
Received Import Request.
  Time since last request: 0.000328 seconds.
  path: Assets/Design/AurynSky/Forest Pack/Textures/ColorPaletteNormal.png
  artifactKey: Guid(5d607b30e410f964a9389dfbb7223cdc) Importer(815301076,1909f56bfc062723c751e8b465ee728b)
Start importing Assets/Design/AurynSky/Forest Pack/Textures/ColorPaletteNormal.png using Guid(5d607b30e410f964a9389dfbb7223cdc) Importer(815301076,1909f56bfc062723c751e8b465ee728b)  -> (artifact id: '83baf423df96692fa1da68d92ae713d6') in 0.013410 seconds
  Import took 0.015731 seconds .

========================================================================
Received Import Request.
  Time since last request: 0.000336 seconds.
  path: Assets/Design/AurynSky/Forest Pack/Textures/CubeParticle.psd
  artifactKey: Guid(8ecfe72d7db2e8c449fe684f88ffe010) Importer(815301076,1909f56bfc062723c751e8b465ee728b)
Start importing Assets/Design/AurynSky/Forest Pack/Textures/CubeParticle.psd using Guid(8ecfe72d7db2e8c449fe684f88ffe010) Importer(815301076,1909f56bfc062723c751e8b465ee728b)  -> (artifact id: '1bbd593ff6dc2b25a9e2d7bc5fccd027') in 0.015990 seconds
  Import took 0.019069 seconds .

========================================================================
Received Import Request.
  Time since last request: 8.494845 seconds.
  path: Assets/Design/AurynSky/Forest Pack/Prefabs/RiverQuadSolo.prefab
  artifactKey: Guid(358cf835a1cf6dc44be7c394778cb1ce) Importer(815301076,1909f56bfc062723c751e8b465ee728b)
Start importing Assets/Design/AurynSky/Forest Pack/Prefabs/RiverQuadSolo.prefab using Guid(358cf835a1cf6dc44be7c394778cb1ce) Importer(815301076,1909f56bfc062723c751e8b465ee728b)  -> (artifact id: '51606b94cca3e0e0ccec28a69b4386f0') in 0.013147 seconds
  Import took 0.015698 seconds .

========================================================================
Received Import Request.
  Time since last request: 0.000380 seconds.
  path: Assets/Design/AurynSky/Forest Pack/Prefabs/WaterFall.prefab
  artifactKey: Guid(a27d6e7d56bdc84479be345a168e6c70) Importer(815301076,1909f56bfc062723c751e8b465ee728b)
Start importing Assets/Design/AurynSky/Forest Pack/Prefabs/WaterFall.prefab using Guid(a27d6e7d56bdc84479be345a168e6c70) Importer(815301076,1909f56bfc062723c751e8b465ee728b)  -> (artifact id: '2f465bd58e851239a1f4ca276e7a2c8b') in 0.011149 seconds
  Import took 0.014127 seconds .

========================================================================
Received Import Request.
  Time since last request: 0.000315 seconds.
  path: Assets/Design/AurynSky/Forest Pack/Prefabs/WaterQuadPixies.prefab
  artifactKey: Guid(01551af6657ebea4ba670ee7b8c26600) Importer(815301076,1909f56bfc062723c751e8b465ee728b)
Start importing Assets/Design/AurynSky/Forest Pack/Prefabs/WaterQuadPixies.prefab using Guid(01551af6657ebea4ba670ee7b8c26600) Importer(815301076,1909f56bfc062723c751e8b465ee728b)  -> (artifact id: '5fa0c4867548e60ba8e7b618b7b58e53') in 0.019658 seconds
  Import took 0.023106 seconds .

========================================================================
Received Import Request.
  Time since last request: 0.000340 seconds.
  path: Assets/Design/AurynSky/Forest Pack/Prefabs/WaterPixiesSolo.prefab
  artifactKey: Guid(4d1a1b8720d1bc3438a87ab19ed6593a) Importer(815301076,1909f56bfc062723c751e8b465ee728b)
Start importing Assets/Design/AurynSky/Forest Pack/Prefabs/WaterPixiesSolo.prefab using Guid(4d1a1b8720d1bc3438a87ab19ed6593a) Importer(815301076,1909f56bfc062723c751e8b465ee728b)  -> (artifact id: '743dde018ecbe9b5081d8481b633ff1f') in 0.008457 seconds
  Import took 0.011641 seconds .

========================================================================
Received Import Request.
  Time since last request: 0.000268 seconds.
  path: Assets/Design/AurynSky/Forest Pack/Prefabs/WaterQuadSolo.prefab
  artifactKey: Guid(45a2654ed7e50b945bbbf5ab0a76e645) Importer(815301076,1909f56bfc062723c751e8b465ee728b)
Start importing Assets/Design/AurynSky/Forest Pack/Prefabs/WaterQuadSolo.prefab using Guid(45a2654ed7e50b945bbbf5ab0a76e645) Importer(815301076,1909f56bfc062723c751e8b465ee728b)  -> (artifact id: 'ff6bb31a5408eea4fc76c4398fe0c0de') in 0.018860 seconds
  Import took 0.021866 seconds .

========================================================================
Received Import Request.
  Time since last request: 0.000421 seconds.
  path: Assets/Design/AurynSky/Forest Pack/Prefabs/Smoke.prefab
  artifactKey: Guid(bc42e33df8ad9d14cba646735d12f85d) Importer(815301076,1909f56bfc062723c751e8b465ee728b)
Start importing Assets/Design/AurynSky/Forest Pack/Prefabs/Smoke.prefab using Guid(bc42e33df8ad9d14cba646735d12f85d) Importer(815301076,1909f56bfc062723c751e8b465ee728b)  -> (artifact id: 'cd802a1d3bd2548ab9d94e8d506c12f5') in 0.008186 seconds
  Import took 0.012363 seconds .

========================================================================
Received Import Request.
  Time since last request: 8.574661 seconds.
  path: Assets/Design/AurynSky/Forest Pack/Scenes/InventoryScene_Forest.unity
  artifactKey: Guid(0f1015cb3f0dc9d4e886f80effc1df1a) Importer(815301076,1909f56bfc062723c751e8b465ee728b)
Start importing Assets/Design/AurynSky/Forest Pack/Scenes/InventoryScene_Forest.unity using Guid(0f1015cb3f0dc9d4e886f80effc1df1a) Importer(815301076,1909f56bfc062723c751e8b465ee728b)  -> (artifact id: 'd6178026393f9889995b45b3f17a6808') in 0.004591 seconds
  Import took 0.006885 seconds .

========================================================================
Received Import Request.
  Time since last request: 0.005672 seconds.
  path: Assets/Design/AurynSky/Forest Pack/Scenes/InventoryScene_Forest.unity
  artifactKey: Guid(0f1015cb3f0dc9d4e886f80effc1df1a) Importer(815301076,1909f56bfc062723c751e8b465ee728b)
Start importing Assets/Design/AurynSky/Forest Pack/Scenes/InventoryScene_Forest.unity using Guid(0f1015cb3f0dc9d4e886f80effc1df1a) Importer(815301076,1909f56bfc062723c751e8b465ee728b)  -> (artifact id: 'd6178026393f9889995b45b3f17a6808') in 0.005234 seconds
  Import took 0.008662 seconds .

========================================================================
Received Import Request.
  Time since last request: 0.799276 seconds.
  path: Assets/Design/AurynSky/Forest Pack/Scenes/DemoScene_Forest.unity
  artifactKey: Guid(cc3394a362c052545b42823ea9539668) Importer(815301076,1909f56bfc062723c751e8b465ee728b)
Start importing Assets/Design/AurynSky/Forest Pack/Scenes/DemoScene_Forest.unity using Guid(cc3394a362c052545b42823ea9539668) Importer(815301076,1909f56bfc062723c751e8b465ee728b)  -> (artifact id: '6cba0e316b044558b91836be07c3f9b4') in 0.005263 seconds
  Import took 0.007844 seconds .

========================================================================
Received Import Request.
  Time since last request: 21.315726 seconds.
  path: Assets/Scenes/Forest Arena Demo Scene.prefab
  artifactKey: Guid(8260b7a7c45a58847934bc6cf11b80c0) Importer(815301076,1909f56bfc062723c751e8b465ee728b)
Start importing Assets/Scenes/Forest Arena Demo Scene.prefab using Guid(8260b7a7c45a58847934bc6cf11b80c0) Importer(815301076,1909f56bfc062723c751e8b465ee728b)  -> (artifact id: '5cac4e03f2bd625a0fb5750ba22e6350') in 0.161989 seconds
  Import took 0.176319 seconds .

========================================================================
Received Import Request.
  Time since last request: 2.380202 seconds.
  path: Assets/Scenes/MainScene.unity
  artifactKey: Guid(9fc0d4010bbf28b4594072e72b8655ab) Importer(815301076,1909f56bfc062723c751e8b465ee728b)
Start importing Assets/Scenes/MainScene.unity using Guid(9fc0d4010bbf28b4594072e72b8655ab) Importer(815301076,1909f56bfc062723c751e8b465ee728b)  -> (artifact id: '8c2b67512a65d10f07882b37a2b5995d') in 0.006092 seconds
  Import took 0.008667 seconds .

========================================================================
Received Prepare
Registering precompiled user dll's ...
Registered in 0.001190 seconds.
Begin MonoManager ReloadAssembly
Native extension for WindowsStandalone target not found
Native extension for OSXStandalone target not found
Native extension for WebGL target not found
Refreshing native plugins compatible for Editor in 0.23 ms, found 0 plugins.
Preloading 0 native plugins for Editor in 0.00 ms.
Mono: successfully reloaded assembly
- Completed reload, in  0.941 seconds
Platform modules already initialized, skipping
Refreshing native plugins compatible for Editor in 0.37 ms, found 0 plugins.
Preloading 0 native plugins for Editor in 0.00 ms.
Unloading 1227 Unused Serialized files (Serialized files now loaded: 0)
System memory in use before: 86.8 MB.
System memory in use after: 86.9 MB.

Unloading 8 unused Assets to reduce memory usage. Loaded Objects now: 1741.
Total: 1.928300 ms (FindLiveObjects: 0.152100 ms CreateObjectMapping: 0.079200 ms MarkObjects: 1.554200 ms  DeleteObjects: 0.141800 ms)

========================================================================
Received Prepare
Registering precompiled user dll's ...
Registered in 0.001150 seconds.
Begin MonoManager ReloadAssembly
Native extension for WindowsStandalone target not found
Native extension for OSXStandalone target not found
Native extension for WebGL target not found
Refreshing native plugins compatible for Editor in 0.27 ms, found 0 plugins.
Preloading 0 native plugins for Editor in 0.00 ms.
Mono: successfully reloaded assembly
- Completed reload, in  1.004 seconds
Platform modules already initialized, skipping
Refreshing native plugins compatible for Editor in 0.26 ms, found 0 plugins.
Preloading 0 native plugins for Editor in 0.00 ms.
Unloading 1227 Unused Serialized files (Serialized files now loaded: 0)
System memory in use before: 86.8 MB.
System memory in use after: 86.9 MB.

Unloading 5 unused Assets to reduce memory usage. Loaded Objects now: 1744.
Total: 1.841900 ms (FindLiveObjects: 0.125500 ms CreateObjectMapping: 0.036200 ms MarkObjects: 1.618700 ms  DeleteObjects: 0.060700 ms)

========================================================================
Received Prepare
Registering precompiled user dll's ...
Registered in 0.001367 seconds.
Begin MonoManager ReloadAssembly
Native extension for WindowsStandalone target not found
Native extension for OSXStandalone target not found
Native extension for WebGL target not found
Refreshing native plugins compatible for Editor in 0.23 ms, found 0 plugins.
Preloading 0 native plugins for Editor in 0.00 ms.
Mono: successfully reloaded assembly
- Completed reload, in  1.560 seconds
Platform modules already initialized, skipping
Refreshing native plugins compatible for Editor in 0.23 ms, found 0 plugins.
Preloading 0 native plugins for Editor in 0.00 ms.
Unloading 1227 Unused Serialized files (Serialized files now loaded: 0)
System memory in use before: 86.8 MB.
System memory in use after: 86.9 MB.

Unloading 5 unused Assets to reduce memory usage. Loaded Objects now: 1747.
Total: 2.381500 ms (FindLiveObjects: 0.138800 ms CreateObjectMapping: 0.039100 ms MarkObjects: 2.143100 ms  DeleteObjects: 0.059000 ms)

========================================================================
Received Prepare
Registering precompiled user dll's ...
Registered in 0.001038 seconds.
Begin MonoManager ReloadAssembly
Native extension for WindowsStandalone target not found
Native extension for OSXStandalone target not found
Native extension for WebGL target not found
Refreshing native plugins compatible for Editor in 0.24 ms, found 0 plugins.
Preloading 0 native plugins for Editor in 0.00 ms.
Mono: successfully reloaded assembly
- Completed reload, in  0.936 seconds
Platform modules already initialized, skipping
Refreshing native plugins compatible for Editor in 0.22 ms, found 0 plugins.
Preloading 0 native plugins for Editor in 0.00 ms.
Unloading 1227 Unused Serialized files (Serialized files now loaded: 0)
System memory in use before: 86.9 MB.
System memory in use after: 87.0 MB.

Unloading 5 unused Assets to reduce memory usage. Loaded Objects now: 1750.
Total: 2.237700 ms (FindLiveObjects: 0.120500 ms CreateObjectMapping: 0.033200 ms MarkObjects: 1.976600 ms  DeleteObjects: 0.106400 ms)

========================================================================
Received Prepare
Registering precompiled user dll's ...
Registered in 0.001094 seconds.
Begin MonoManager ReloadAssembly
Native extension for WindowsStandalone target not found
Native extension for OSXStandalone target not found
Native extension for WebGL target not found
Refreshing native plugins compatible for Editor in 0.23 ms, found 0 plugins.
Preloading 0 native plugins for Editor in 0.00 ms.
Mono: successfully reloaded assembly
- Completed reload, in  1.643 seconds
Platform modules already initialized, skipping
Refreshing native plugins compatible for Editor in 0.24 ms, found 0 plugins.
Preloading 0 native plugins for Editor in 0.00 ms.
Unloading 1227 Unused Serialized files (Serialized files now loaded: 0)
System memory in use before: 86.9 MB.
System memory in use after: 87.0 MB.

Unloading 5 unused Assets to reduce memory usage. Loaded Objects now: 1753.
Total: 6.116900 ms (FindLiveObjects: 0.441300 ms CreateObjectMapping: 0.052700 ms MarkObjects: 5.562500 ms  DeleteObjects: 0.058900 ms)

========================================================================
Received Prepare
Registering precompiled user dll's ...
Registered in 0.000937 seconds.
Begin MonoManager ReloadAssembly
Native extension for WindowsStandalone target not found
Native extension for OSXStandalone target not found
Native extension for WebGL target not found
Refreshing native plugins compatible for Editor in 0.24 ms, found 0 plugins.
Preloading 0 native plugins for Editor in 0.00 ms.
Mono: successfully reloaded assembly
- Completed reload, in  1.016 seconds
Platform modules already initialized, skipping
Refreshing native plugins compatible for Editor in 0.24 ms, found 0 plugins.
Preloading 0 native plugins for Editor in 0.00 ms.
Unloading 1227 Unused Serialized files (Serialized files now loaded: 0)
System memory in use before: 86.9 MB.
System memory in use after: 87.0 MB.

Unloading 5 unused Assets to reduce memory usage. Loaded Objects now: 1756.
Total: 2.107600 ms (FindLiveObjects: 0.133700 ms CreateObjectMapping: 0.036200 ms MarkObjects: 1.846500 ms  DeleteObjects: 0.090100 ms)

========================================================================
Received Prepare
Registering precompiled user dll's ...
Registered in 0.000981 seconds.
Begin MonoManager ReloadAssembly
Native extension for WindowsStandalone target not found
Native extension for OSXStandalone target not found
Native extension for WebGL target not found
Refreshing native plugins compatible for Editor in 0.26 ms, found 0 plugins.
Preloading 0 native plugins for Editor in 0.00 ms.
Mono: successfully reloaded assembly
- Completed reload, in  1.073 seconds
Platform modules already initialized, skipping
Refreshing native plugins compatible for Editor in 0.23 ms, found 0 plugins.
Preloading 0 native plugins for Editor in 0.00 ms.
Unloading 1227 Unused Serialized files (Serialized files now loaded: 0)
System memory in use before: 86.9 MB.
System memory in use after: 87.0 MB.

Unloading 5 unused Assets to reduce memory usage. Loaded Objects now: 1759.
Total: 2.186900 ms (FindLiveObjects: 0.263300 ms CreateObjectMapping: 0.093200 ms MarkObjects: 1.729900 ms  DeleteObjects: 0.098600 ms)

AssetImportWorkerClient::OnTransportError - code=2 error=End of file
