Using pre-set license
Built from '2020.3/staging' branch; Version is '2020.3.9f1 (108be757e447) revision 1084391'; Using compiler version '192528614'; Build Type 'Release'
OS: 'Windows 10 Pro; OS build 18363.1556; Version 1909; 64bit' Language: 'ko' Physical Memory: 16264 MB
BatchMode: 1, IsHumanControllingUs: 0, StartBugReporterOnCrash: 0, Is64bit: 1, IsPro: 0

 COMMAND LINE ARGUMENTS:
D:\Program Files\Unity\Editor\2020.3.9f1\Editor\Unity.exe
-adb2
-batchMode
-noUpm
-name
AssetImportWorker0
-projectPath
D:/work_github/idle_game
-logFile
Logs/AssetImportWorker0.log
-srvPort
1133
Successfully changed project path to: D:/work_github/idle_game
D:/work_github/idle_game
Using Asset Import Pipeline V2.
Refreshing native plugins compatible for Editor in 29.58 ms, found 0 plugins.
Preloading 0 native plugins for Editor in 0.00 ms.
Initialize engine version: 2020.3.9f1 (108be757e447)
[Subsystems] Discovering subsystems at path D:/Program Files/Unity/Editor/2020.3.9f1/Editor/Data/Resources/UnitySubsystems
[Subsystems] Discovering subsystems at path D:/work_github/idle_game/Assets
GfxDevice: creating device client; threaded=0
Direct3D:
    Version:  Direct3D 11.0 [level 11.1]
    Renderer: NVIDIA GeForce GTX 1060 3GB (ID=0x1c02)
    Vendor:   
    VRAM:     2988 MB
    Driver:   27.21.14.5671
Initialize mono
Mono path[0] = 'D:/Program Files/Unity/Editor/2020.3.9f1/Editor/Data/Managed'
Mono path[1] = 'D:/Program Files/Unity/Editor/2020.3.9f1/Editor/Data/MonoBleedingEdge/lib/mono/unityjit'
Mono config path = 'D:/Program Files/Unity/Editor/2020.3.9f1/Editor/Data/MonoBleedingEdge/etc'
Using monoOptions --debugger-agent=transport=dt_socket,embedding=1,server=y,suspend=n,address=127.0.0.1:56944
Begin MonoManager ReloadAssembly
Registering precompiled unity dll's ...
Register platform support module: D:/Program Files/Unity/Editor/2020.3.9f1/Editor/Data/PlaybackEngines/WebGLSupport/UnityEditor.WebGL.Extensions.dll
Register platform support module: D:/Program Files/Unity/Editor/2020.3.9f1/Editor/Data/PlaybackEngines/MacStandaloneSupport/UnityEditor.OSXStandalone.Extensions.dll
Register platform support module: D:/Program Files/Unity/Editor/2020.3.9f1/Editor/Data/PlaybackEngines/WindowsStandaloneSupport/UnityEditor.WindowsStandalone.Extensions.dll
Registered in 0.002622 seconds.
Native extension for WindowsStandalone target not found
Native extension for OSXStandalone target not found
Native extension for WebGL target not found
Refreshing native plugins compatible for Editor in 30.10 ms, found 0 plugins.
Preloading 0 native plugins for Editor in 0.00 ms.
Mono: successfully reloaded assembly
- Completed reload, in  1.503 seconds
Platform modules already initialized, skipping
Registering precompiled user dll's ...
Registered in 0.001000 seconds.
Begin MonoManager ReloadAssembly
Native extension for WindowsStandalone target not found
Native extension for OSXStandalone target not found
Native extension for WebGL target not found
Refreshing native plugins compatible for Editor in 28.22 ms, found 0 plugins.
Preloading 0 native plugins for Editor in 0.00 ms.
Mono: successfully reloaded assembly
- Completed reload, in  1.190 seconds
Platform modules already initialized, skipping
========================================================================
Worker process is ready to serve import requests
Launched and connected shader compiler UnityShaderCompiler.exe after 0.11 seconds
Refreshing native plugins compatible for Editor in 0.24 ms, found 0 plugins.
Preloading 0 native plugins for Editor in 0.00 ms.
Unloading 1226 Unused Serialized files (Serialized files now loaded: 0)
System memory in use before: 67.3 MB.
System memory in use after: 67.3 MB.

Unloading 10 unused Assets to reduce memory usage. Loaded Objects now: 1676.
Total: 1.878700 ms (FindLiveObjects: 0.127300 ms CreateObjectMapping: 0.037800 ms MarkObjects: 1.618400 ms  DeleteObjects: 0.093900 ms)

========================================================================
Received Import Request.
  path: Assets/Script/Player.cs
  artifactKey: Guid(e9a553d3fcaa48e48b660797eb94be8a) Importer(815301076,1909f56bfc062723c751e8b465ee728b)
Start importing Assets/Script/Player.cs using Guid(e9a553d3fcaa48e48b660797eb94be8a) Importer(815301076,1909f56bfc062723c751e8b465ee728b)  -> (artifact id: 'f4db6baa1f30ed92cd4944687f5a4943') in 0.262692 seconds
  Import took 0.264726 seconds .

========================================================================
Received Prepare
Registering precompiled user dll's ...
Registered in 0.001072 seconds.
Begin MonoManager ReloadAssembly
Native extension for WindowsStandalone target not found
Native extension for OSXStandalone target not found
Native extension for WebGL target not found
Refreshing native plugins compatible for Editor in 0.22 ms, found 0 plugins.
Preloading 0 native plugins for Editor in 0.00 ms.
Mono: successfully reloaded assembly
- Completed reload, in  0.974 seconds
Platform modules already initialized, skipping
Refreshing native plugins compatible for Editor in 0.25 ms, found 0 plugins.
Preloading 0 native plugins for Editor in 0.00 ms.
Unloading 1221 Unused Serialized files (Serialized files now loaded: 0)
System memory in use before: 67.2 MB.
System memory in use after: 67.3 MB.

Unloading 5 unused Assets to reduce memory usage. Loaded Objects now: 1679.
Total: 2.114600 ms (FindLiveObjects: 0.131600 ms CreateObjectMapping: 0.038200 ms MarkObjects: 1.890500 ms  DeleteObjects: 0.053100 ms)

========================================================================
Received Import Request.
  Time since last request: 32.075195 seconds.
  path: Assets/Script/Player.cs
  artifactKey: Guid(e9a553d3fcaa48e48b660797eb94be8a) Importer(815301076,1909f56bfc062723c751e8b465ee728b)
Start importing Assets/Script/Player.cs using Guid(e9a553d3fcaa48e48b660797eb94be8a) Importer(815301076,1909f56bfc062723c751e8b465ee728b)  -> (artifact id: '7a8482d4c7bfe8bcc5debc688080da24') in 0.008552 seconds
  Import took 0.011275 seconds .

========================================================================
Received Prepare
Registering precompiled user dll's ...
Registered in 0.001025 seconds.
Begin MonoManager ReloadAssembly
Native extension for WindowsStandalone target not found
Native extension for OSXStandalone target not found
Native extension for WebGL target not found
Refreshing native plugins compatible for Editor in 0.24 ms, found 0 plugins.
Preloading 0 native plugins for Editor in 0.00 ms.
Mono: successfully reloaded assembly
- Completed reload, in  1.002 seconds
Platform modules already initialized, skipping
Refreshing native plugins compatible for Editor in 0.23 ms, found 0 plugins.
Preloading 0 native plugins for Editor in 0.00 ms.
Unloading 1221 Unused Serialized files (Serialized files now loaded: 0)
System memory in use before: 67.3 MB.
System memory in use after: 67.3 MB.

Unloading 5 unused Assets to reduce memory usage. Loaded Objects now: 1682.
Total: 3.014000 ms (FindLiveObjects: 0.163300 ms CreateObjectMapping: 0.037000 ms MarkObjects: 2.755000 ms  DeleteObjects: 0.057500 ms)

========================================================================
Received Import Request.
  Time since last request: 283.156346 seconds.
  path: Assets/Material
  artifactKey: Guid(78665b3a07c20d64b92b692ebfba5d55) Importer(815301076,1909f56bfc062723c751e8b465ee728b)
Start importing Assets/Material using Guid(78665b3a07c20d64b92b692ebfba5d55) Importer(815301076,1909f56bfc062723c751e8b465ee728b)  -> (artifact id: '77bd2506977be2578918f341f35ad6da') in 0.007133 seconds
  Import took 0.009650 seconds .

========================================================================
Received Import Request.
  Time since last request: 3.761838 seconds.
  path: Assets/Materials
  artifactKey: Guid(78665b3a07c20d64b92b692ebfba5d55) Importer(815301076,1909f56bfc062723c751e8b465ee728b)
Start importing Assets/Materials using Guid(78665b3a07c20d64b92b692ebfba5d55) Importer(815301076,1909f56bfc062723c751e8b465ee728b)  -> (artifact id: '034dc9eb2a85393491738a3109b4aea8') in 0.005338 seconds
  Import took 0.007761 seconds .

========================================================================
Received Import Request.
  Time since last request: 11.986304 seconds.
  path: Assets/Materials/floor.mat
  artifactKey: Guid(8c613ce09b52b844a9171dfca49320c7) Importer(815301076,1909f56bfc062723c751e8b465ee728b)
Start importing Assets/Materials/floor.mat using Guid(8c613ce09b52b844a9171dfca49320c7) Importer(815301076,1909f56bfc062723c751e8b465ee728b)  -> (artifact id: 'a175d4f5d5a08d516a5b9159b6455576') in 0.192216 seconds
  Import took 0.195427 seconds .

========================================================================
Received Import Request.
  Time since last request: 123.262311 seconds.
  path: Assets/Animations
  artifactKey: Guid(c67c45c66774a594fb14ff754ab30f97) Importer(815301076,1909f56bfc062723c751e8b465ee728b)
Start importing Assets/Animations using Guid(c67c45c66774a594fb14ff754ab30f97) Importer(815301076,1909f56bfc062723c751e8b465ee728b)  -> (artifact id: 'e2ae9652e05db9c5e1907e7f51fed11e') in 0.009518 seconds
  Import took 0.013459 seconds .

========================================================================
Received Import Request.
  Time since last request: 20.338989 seconds.
  path: Assets/Animations/Player.controller
  artifactKey: Guid(ddf1ba8100d2f1845abf3b90956a95a6) Importer(815301076,1909f56bfc062723c751e8b465ee728b)
Start importing Assets/Animations/Player.controller using Guid(ddf1ba8100d2f1845abf3b90956a95a6) Importer(815301076,1909f56bfc062723c751e8b465ee728b)  -> (artifact id: 'bade687ef760fb874668086d3d84153a') in 0.024986 seconds
  Import took 0.028738 seconds .

========================================================================
Received Import Request.
  Time since last request: 89.249774 seconds.
  path: Assets/Design/DogKnight/Animations/Attack01.anim
  artifactKey: Guid(6019f1b4a095b0b4396f5561a51fee89) Importer(815301076,1909f56bfc062723c751e8b465ee728b)
Start importing Assets/Design/DogKnight/Animations/Attack01.anim using Guid(6019f1b4a095b0b4396f5561a51fee89) Importer(815301076,1909f56bfc062723c751e8b465ee728b)  -> (artifact id: 'bed7848b6309f0bebf2266f0afd9bde9') in 0.018890 seconds
  Import took 0.021269 seconds .

========================================================================
Received Import Request.
  Time since last request: 0.052058 seconds.
  path: Assets/Design/DogKnight/Animations/Attack01.anim
  artifactKey: Guid(6019f1b4a095b0b4396f5561a51fee89) Importer(815301076,1909f56bfc062723c751e8b465ee728b)
Start importing Assets/Design/DogKnight/Animations/Attack01.anim using Guid(6019f1b4a095b0b4396f5561a51fee89) Importer(815301076,1909f56bfc062723c751e8b465ee728b)  -> (artifact id: 'bed7848b6309f0bebf2266f0afd9bde9') in 0.013354 seconds
  Import took 0.015932 seconds .

========================================================================
Received Import Request.
  Time since last request: 10.462109 seconds.
  path: Assets/Design/DogKnight/Animations/Attack02.anim
  artifactKey: Guid(eccbae3cfc77ad245ade46e143aa3200) Importer(815301076,1909f56bfc062723c751e8b465ee728b)
Start importing Assets/Design/DogKnight/Animations/Attack02.anim using Guid(eccbae3cfc77ad245ade46e143aa3200) Importer(815301076,1909f56bfc062723c751e8b465ee728b)  -> (artifact id: '1e5bead3d698557af5434c939e203da6') in 0.027180 seconds
  Import took 0.029442 seconds .

========================================================================
Received Import Request.
  Time since last request: 3.224413 seconds.
  path: Assets/Design/DogKnight/Animations/Defend.anim
  artifactKey: Guid(cf357b5409b4ad54a82c45d7684564e1) Importer(815301076,1909f56bfc062723c751e8b465ee728b)
Start importing Assets/Design/DogKnight/Animations/Defend.anim using Guid(cf357b5409b4ad54a82c45d7684564e1) Importer(815301076,1909f56bfc062723c751e8b465ee728b)  -> (artifact id: '0dd7c00038fa0013a20c4cf71575d071') in 0.011573 seconds
  Import took 0.014390 seconds .

========================================================================
Received Import Request.
  Time since last request: 4.133236 seconds.
  path: Assets/Design/DogKnight/Animations/Die.anim
  artifactKey: Guid(5d190d8211c88a64281f7b90c69f3eb3) Importer(815301076,1909f56bfc062723c751e8b465ee728b)
Start importing Assets/Design/DogKnight/Animations/Die.anim using Guid(5d190d8211c88a64281f7b90c69f3eb3) Importer(815301076,1909f56bfc062723c751e8b465ee728b)  -> (artifact id: '992f073ee0925f5df129d601a4b9fb69') in 0.020487 seconds
  Import took 0.023293 seconds .

========================================================================
Received Import Request.
  Time since last request: 6.086890 seconds.
  path: Assets/Design/DogKnight/Animator/DogControl.controller
  artifactKey: Guid(b60dc9aa529b314489f628aa3b57c470) Importer(815301076,1909f56bfc062723c751e8b465ee728b)
Start importing Assets/Design/DogKnight/Animator/DogControl.controller using Guid(b60dc9aa529b314489f628aa3b57c470) Importer(815301076,1909f56bfc062723c751e8b465ee728b)  -> (artifact id: 'f5f73d8f7ba177426eda8a1697f8fd62') in 0.093654 seconds
  Import took 0.096755 seconds .

========================================================================
Received Import Request.
  Time since last request: 9.888357 seconds.
  path: Assets/Design/DogKnight/Mesh/DogPBR.fbx
  artifactKey: Guid(d9a1483b77bf10e4e851678ab6c2e54e) Importer(815301076,1909f56bfc062723c751e8b465ee728b)
Start importing Assets/Design/DogKnight/Mesh/DogPBR.fbx using Guid(d9a1483b77bf10e4e851678ab6c2e54e) Importer(815301076,1909f56bfc062723c751e8b465ee728b)  -> (artifact id: '2d8304dfe6bc2abc4ee5496496676020') in 0.281009 seconds
  Import took 0.284467 seconds .

========================================================================
Received Import Request.
  Time since last request: 0.000406 seconds.
  path: Assets/Design/DogKnight/Mesh/Stage.fbx
  artifactKey: Guid(83ccc45f4c0939440a46957a74a54d2c) Importer(815301076,1909f56bfc062723c751e8b465ee728b)
Start importing Assets/Design/DogKnight/Mesh/Stage.fbx using Guid(83ccc45f4c0939440a46957a74a54d2c) Importer(815301076,1909f56bfc062723c751e8b465ee728b)  -> (artifact id: 'a591a815c4ff1155cd296fdf90ff8a19') in 0.022081 seconds
  Import took 0.024343 seconds .

========================================================================
Received Import Request.
  Time since last request: 0.000453 seconds.
  path: Assets/Design/DogKnight/Mesh/SwordPolyart.fbx
  artifactKey: Guid(b96201848d117da4ca7dc3ade4bd59de) Importer(815301076,1909f56bfc062723c751e8b465ee728b)
Start importing Assets/Design/DogKnight/Mesh/SwordPolyart.fbx using Guid(b96201848d117da4ca7dc3ade4bd59de) Importer(815301076,1909f56bfc062723c751e8b465ee728b)  -> (artifact id: '03418b24364813f5fb16b58eb02402c8') in 0.021245 seconds
  Import took 0.023733 seconds .

========================================================================
Received Import Request.
  Time since last request: 0.000372 seconds.
  path: Assets/Design/DogKnight/Mesh/ShieldPolyart.fbx
  artifactKey: Guid(b20cb9cb9197fb64a830cea6c0550d0e) Importer(815301076,1909f56bfc062723c751e8b465ee728b)
Start importing Assets/Design/DogKnight/Mesh/ShieldPolyart.fbx using Guid(b20cb9cb9197fb64a830cea6c0550d0e) Importer(815301076,1909f56bfc062723c751e8b465ee728b)  -> (artifact id: '236403429bbf076462d3faff4e0a15d9') in 0.021373 seconds
  Import took 0.024270 seconds .

========================================================================
Received Import Request.
  Time since last request: 0.000253 seconds.
  path: Assets/Design/DogKnight/Mesh/Shield.fbx
  artifactKey: Guid(588cb1a3084bba747b81631d0c071523) Importer(815301076,1909f56bfc062723c751e8b465ee728b)
Start importing Assets/Design/DogKnight/Mesh/Shield.fbx using Guid(588cb1a3084bba747b81631d0c071523) Importer(815301076,1909f56bfc062723c751e8b465ee728b)  -> (artifact id: '0eaed27ee75ec38c5f71e8a0c25c5884') in 0.019745 seconds
  Import took 0.022595 seconds .

========================================================================
Received Import Request.
  Time since last request: 0.000317 seconds.
  path: Assets/Design/DogKnight/Mesh/Sword.fbx
  artifactKey: Guid(9ef625d01f79b4e4eb62fcdf032954ca) Importer(815301076,1909f56bfc062723c751e8b465ee728b)
Start importing Assets/Design/DogKnight/Mesh/Sword.fbx using Guid(9ef625d01f79b4e4eb62fcdf032954ca) Importer(815301076,1909f56bfc062723c751e8b465ee728b)  -> (artifact id: '72e54a3ee5578ed27f77177394072d7f') in 0.019833 seconds
  Import took 0.022675 seconds .

========================================================================
Received Import Request.
  Time since last request: 0.000361 seconds.
  path: Assets/Design/DogKnight/Mesh/DogPolyart.fbx
  artifactKey: Guid(a58d63122b09e9144938cd6a1ece4824) Importer(815301076,1909f56bfc062723c751e8b465ee728b)
Start importing Assets/Design/DogKnight/Mesh/DogPolyart.fbx using Guid(a58d63122b09e9144938cd6a1ece4824) Importer(815301076,1909f56bfc062723c751e8b465ee728b)  -> (artifact id: '5d74647f3af29560ce16b09902c142ed') in 0.030841 seconds
  Import took 0.033608 seconds .

========================================================================
Received Import Request.
  Time since last request: 5.834368 seconds.
  path: Assets/Design/DogKnight/Material/PBR.mat
  artifactKey: Guid(da05e49adf02c134f88f541992ee78d2) Importer(815301076,1909f56bfc062723c751e8b465ee728b)
Start importing Assets/Design/DogKnight/Material/PBR.mat using Guid(da05e49adf02c134f88f541992ee78d2) Importer(815301076,1909f56bfc062723c751e8b465ee728b)  -> (artifact id: '13d5fe11eb866aec482608d138860add') in 0.100625 seconds
  Import took 0.104139 seconds .

========================================================================
Received Import Request.
  Time since last request: 0.000335 seconds.
  path: Assets/Design/DogKnight/Material/Polyart.mat
  artifactKey: Guid(421140039854e8c42938a8cb73d3480c) Importer(815301076,1909f56bfc062723c751e8b465ee728b)
Start importing Assets/Design/DogKnight/Material/Polyart.mat using Guid(421140039854e8c42938a8cb73d3480c) Importer(815301076,1909f56bfc062723c751e8b465ee728b)  -> (artifact id: 'c923245c0065fdc8fa8128ba70943736') in 0.021360 seconds
  Import took 0.023675 seconds .

========================================================================
Received Import Request.
  Time since last request: 0.000399 seconds.
  path: Assets/Design/DogKnight/Material/Stage.mat
  artifactKey: Guid(4cafe8a18bb8d2a4794bfd7693442026) Importer(815301076,1909f56bfc062723c751e8b465ee728b)
Start importing Assets/Design/DogKnight/Material/Stage.mat using Guid(4cafe8a18bb8d2a4794bfd7693442026) Importer(815301076,1909f56bfc062723c751e8b465ee728b)  -> (artifact id: '7ec58e4087f8cd8f2921e87fdb967980') in 0.347593 seconds
  Import took 0.349978 seconds .

========================================================================
Received Import Request.
  Time since last request: 0.000450 seconds.
  path: Assets/Design/DogKnight/Material/Polyart.mat
  artifactKey: Guid(421140039854e8c42938a8cb73d3480c) Importer(815301076,1909f56bfc062723c751e8b465ee728b)
Start importing Assets/Design/DogKnight/Material/Polyart.mat using Guid(421140039854e8c42938a8cb73d3480c) Importer(815301076,1909f56bfc062723c751e8b465ee728b)  -> (artifact id: 'c923245c0065fdc8fa8128ba70943736') in 0.014262 seconds
  Import took 0.017212 seconds .

========================================================================
Received Import Request.
  Time since last request: 0.000454 seconds.
  path: Assets/Design/DogKnight/Material/Skybox_Mat.mat
  artifactKey: Guid(5f62bea3b5185c2488588e50d05df87f) Importer(815301076,1909f56bfc062723c751e8b465ee728b)
Start importing Assets/Design/DogKnight/Material/Skybox_Mat.mat using Guid(5f62bea3b5185c2488588e50d05df87f) Importer(815301076,1909f56bfc062723c751e8b465ee728b)  -> (artifact id: '6cc7baf7c196bdfd805e88ba9c19623e') in 0.110905 seconds
  Import took 0.113823 seconds .

========================================================================
Received Import Request.
  Time since last request: 230.405398 seconds.
  path: Assets/Design/DogKnight/Animations/WalkForwardBattle.anim
  artifactKey: Guid(f0c8c1d913b359a428b42d53947d3e93) Importer(815301076,1909f56bfc062723c751e8b465ee728b)
Start importing Assets/Design/DogKnight/Animations/WalkForwardBattle.anim using Guid(f0c8c1d913b359a428b42d53947d3e93) Importer(815301076,1909f56bfc062723c751e8b465ee728b)  -> (artifact id: 'b4cf84b4ab8dbb24e9ae558a6687ce6c') in 0.016650 seconds
  Import took 0.019553 seconds .

========================================================================
Received Import Request.
  Time since last request: 0.001406 seconds.
  path: Assets/Design/DogKnight/Animations/WalkForwardBattle.anim
  artifactKey: Guid(f0c8c1d913b359a428b42d53947d3e93) Importer(815301076,1909f56bfc062723c751e8b465ee728b)
Start importing Assets/Design/DogKnight/Animations/WalkForwardBattle.anim using Guid(f0c8c1d913b359a428b42d53947d3e93) Importer(815301076,1909f56bfc062723c751e8b465ee728b)  -> (artifact id: 'b4cf84b4ab8dbb24e9ae558a6687ce6c') in 0.014928 seconds
  Import took 0.017632 seconds .

========================================================================
Received Import Request.
  Time since last request: 718.917464 seconds.
  path: Assets/Animations/Player.controller
  artifactKey: Guid(ddf1ba8100d2f1845abf3b90956a95a6) Importer(815301076,1909f56bfc062723c751e8b465ee728b)
Start importing Assets/Animations/Player.controller using Guid(ddf1ba8100d2f1845abf3b90956a95a6) Importer(815301076,1909f56bfc062723c751e8b465ee728b)  -> (artifact id: 'b3df9f76e2ff3e100e8a0ed80dfe3627') in 0.056617 seconds
  Import took 0.061573 seconds .

========================================================================
Received Prepare
Registering precompiled user dll's ...
Registered in 0.000937 seconds.
Begin MonoManager ReloadAssembly
Native extension for WindowsStandalone target not found
Native extension for OSXStandalone target not found
Native extension for WebGL target not found
Refreshing native plugins compatible for Editor in 0.24 ms, found 0 plugins.
Preloading 0 native plugins for Editor in 0.00 ms.
Mono: successfully reloaded assembly
- Completed reload, in  0.936 seconds
Platform modules already initialized, skipping
Refreshing native plugins compatible for Editor in 0.23 ms, found 0 plugins.
Preloading 0 native plugins for Editor in 0.00 ms.
Unloading 1221 Unused Serialized files (Serialized files now loaded: 0)
System memory in use before: 84.8 MB.
System memory in use after: 84.9 MB.

Unloading 6 unused Assets to reduce memory usage. Loaded Objects now: 1730.
Total: 1.695100 ms (FindLiveObjects: 0.127900 ms CreateObjectMapping: 0.036400 ms MarkObjects: 1.443300 ms  DeleteObjects: 0.086600 ms)

========================================================================
Received Prepare
Registering precompiled user dll's ...
Registered in 0.000984 seconds.
Begin MonoManager ReloadAssembly
Native extension for WindowsStandalone target not found
Native extension for OSXStandalone target not found
Native extension for WebGL target not found
Refreshing native plugins compatible for Editor in 0.44 ms, found 0 plugins.
Preloading 0 native plugins for Editor in 0.00 ms.
Mono: successfully reloaded assembly
- Completed reload, in  1.000 seconds
Platform modules already initialized, skipping
Refreshing native plugins compatible for Editor in 0.22 ms, found 0 plugins.
Preloading 0 native plugins for Editor in 0.00 ms.
Unloading 1221 Unused Serialized files (Serialized files now loaded: 0)
System memory in use before: 84.8 MB.
System memory in use after: 84.9 MB.

Unloading 5 unused Assets to reduce memory usage. Loaded Objects now: 1733.
Total: 1.701800 ms (FindLiveObjects: 0.133200 ms CreateObjectMapping: 0.037900 ms MarkObjects: 1.467100 ms  DeleteObjects: 0.062700 ms)

========================================================================
Received Prepare
Registering precompiled user dll's ...
Registered in 0.001071 seconds.
Begin MonoManager ReloadAssembly
Native extension for WindowsStandalone target not found
Native extension for OSXStandalone target not found
Native extension for WebGL target not found
Refreshing native plugins compatible for Editor in 0.23 ms, found 0 plugins.
Preloading 0 native plugins for Editor in 0.00 ms.
Mono: successfully reloaded assembly
- Completed reload, in  0.949 seconds
Platform modules already initialized, skipping
Refreshing native plugins compatible for Editor in 0.22 ms, found 0 plugins.
Preloading 0 native plugins for Editor in 0.00 ms.
Unloading 1221 Unused Serialized files (Serialized files now loaded: 0)
System memory in use before: 84.8 MB.
System memory in use after: 84.9 MB.

Unloading 5 unused Assets to reduce memory usage. Loaded Objects now: 1736.
Total: 2.654900 ms (FindLiveObjects: 0.129600 ms CreateObjectMapping: 0.131100 ms MarkObjects: 2.325700 ms  DeleteObjects: 0.067200 ms)

========================================================================
Received Prepare
Registering precompiled user dll's ...
Registered in 0.000973 seconds.
Begin MonoManager ReloadAssembly
Native extension for WindowsStandalone target not found
Native extension for OSXStandalone target not found
Native extension for WebGL target not found
Refreshing native plugins compatible for Editor in 0.23 ms, found 0 plugins.
Preloading 0 native plugins for Editor in 0.00 ms.
Mono: successfully reloaded assembly
- Completed reload, in  1.032 seconds
Platform modules already initialized, skipping
Refreshing native plugins compatible for Editor in 0.22 ms, found 0 plugins.
Preloading 0 native plugins for Editor in 0.00 ms.
Unloading 1221 Unused Serialized files (Serialized files now loaded: 0)
System memory in use before: 84.8 MB.
System memory in use after: 84.9 MB.

Unloading 5 unused Assets to reduce memory usage. Loaded Objects now: 1739.
Total: 1.454100 ms (FindLiveObjects: 0.127000 ms CreateObjectMapping: 0.035600 ms MarkObjects: 1.245300 ms  DeleteObjects: 0.045500 ms)

========================================================================
Received Prepare
Registering precompiled user dll's ...
Registered in 0.001069 seconds.
Begin MonoManager ReloadAssembly
Native extension for WindowsStandalone target not found
Native extension for OSXStandalone target not found
Native extension for WebGL target not found
Refreshing native plugins compatible for Editor in 0.22 ms, found 0 plugins.
Preloading 0 native plugins for Editor in 0.00 ms.
Mono: successfully reloaded assembly
- Completed reload, in  1.294 seconds
Platform modules already initialized, skipping
Refreshing native plugins compatible for Editor in 0.22 ms, found 0 plugins.
Preloading 0 native plugins for Editor in 0.00 ms.
Unloading 1222 Unused Serialized files (Serialized files now loaded: 0)
System memory in use before: 84.9 MB.
System memory in use after: 84.9 MB.

Unloading 5 unused Assets to reduce memory usage. Loaded Objects now: 1743.
Total: 1.904100 ms (FindLiveObjects: 0.138100 ms CreateObjectMapping: 0.039500 ms MarkObjects: 1.673300 ms  DeleteObjects: 0.052000 ms)

========================================================================
Received Import Request.
  Time since last request: 617.581587 seconds.
  path: Assets/Script/follow.cs
  artifactKey: Guid(2885848002f5eb749b1b878d09b48210) Importer(815301076,1909f56bfc062723c751e8b465ee728b)
Start importing Assets/Script/follow.cs using Guid(2885848002f5eb749b1b878d09b48210) Importer(815301076,1909f56bfc062723c751e8b465ee728b)  -> (artifact id: '445b335290da9aceee0dc21ed507f20d') in 0.006953 seconds
  Import took 0.009102 seconds .

========================================================================
Received Prepare
Registering precompiled user dll's ...
Registered in 0.000922 seconds.
Begin MonoManager ReloadAssembly
Native extension for WindowsStandalone target not found
Native extension for OSXStandalone target not found
Native extension for WebGL target not found
Refreshing native plugins compatible for Editor in 0.24 ms, found 0 plugins.
Preloading 0 native plugins for Editor in 0.00 ms.
Mono: successfully reloaded assembly
- Completed reload, in  1.136 seconds
Platform modules already initialized, skipping
Refreshing native plugins compatible for Editor in 0.23 ms, found 0 plugins.
Preloading 0 native plugins for Editor in 0.00 ms.
Unloading 1222 Unused Serialized files (Serialized files now loaded: 0)
System memory in use before: 84.9 MB.
System memory in use after: 85.0 MB.

Unloading 5 unused Assets to reduce memory usage. Loaded Objects now: 1746.
Total: 1.958900 ms (FindLiveObjects: 0.221300 ms CreateObjectMapping: 0.042200 ms MarkObjects: 1.596100 ms  DeleteObjects: 0.098100 ms)

========================================================================
Received Prepare
Registering precompiled user dll's ...
Registered in 0.001097 seconds.
Begin MonoManager ReloadAssembly
Native extension for WindowsStandalone target not found
Native extension for OSXStandalone target not found
Native extension for WebGL target not found
Refreshing native plugins compatible for Editor in 0.22 ms, found 0 plugins.
Preloading 0 native plugins for Editor in 0.00 ms.
Mono: successfully reloaded assembly
- Completed reload, in  0.915 seconds
Platform modules already initialized, skipping
Refreshing native plugins compatible for Editor in 0.23 ms, found 0 plugins.
Preloading 0 native plugins for Editor in 0.00 ms.
Unloading 1222 Unused Serialized files (Serialized files now loaded: 0)
System memory in use before: 84.9 MB.
System memory in use after: 85.0 MB.

Unloading 5 unused Assets to reduce memory usage. Loaded Objects now: 1749.
Total: 1.876800 ms (FindLiveObjects: 0.140900 ms CreateObjectMapping: 0.038000 ms MarkObjects: 1.620200 ms  DeleteObjects: 0.076600 ms)

========================================================================
Received Import Request.
  Time since last request: 70.602362 seconds.
  path: Assets/Script/follow.cs
  artifactKey: Guid(2885848002f5eb749b1b878d09b48210) Importer(815301076,1909f56bfc062723c751e8b465ee728b)
Start importing Assets/Script/follow.cs using Guid(2885848002f5eb749b1b878d09b48210) Importer(815301076,1909f56bfc062723c751e8b465ee728b)  -> (artifact id: '139c380fc39fd8de78f95caf597991e3') in 0.005288 seconds
  Import took 0.007538 seconds .

========================================================================
Received Import Request.
  Time since last request: 4.599105 seconds.
  path: Assets/Script/Follow.cs
  artifactKey: Guid(2885848002f5eb749b1b878d09b48210) Importer(815301076,1909f56bfc062723c751e8b465ee728b)
Start importing Assets/Script/Follow.cs using Guid(2885848002f5eb749b1b878d09b48210) Importer(815301076,1909f56bfc062723c751e8b465ee728b)  -> (artifact id: 'a46d3782e395370a54b7c523355f0f2e') in 0.018350 seconds
  Import took 0.022851 seconds .

========================================================================
Received Import Request.
  Time since last request: 0.014567 seconds.
  path: Assets/Script/Follow.cs
  artifactKey: Guid(2885848002f5eb749b1b878d09b48210) Importer(815301076,1909f56bfc062723c751e8b465ee728b)
Start importing Assets/Script/Follow.cs using Guid(2885848002f5eb749b1b878d09b48210) Importer(815301076,1909f56bfc062723c751e8b465ee728b)  -> (artifact id: 'a46d3782e395370a54b7c523355f0f2e') in 0.017185 seconds
  Import took 0.019759 seconds .

========================================================================
Received Prepare
Registering precompiled user dll's ...
Registered in 0.001391 seconds.
Begin MonoManager ReloadAssembly
Native extension for WindowsStandalone target not found
Native extension for OSXStandalone target not found
Native extension for WebGL target not found
Refreshing native plugins compatible for Editor in 0.23 ms, found 0 plugins.
Preloading 0 native plugins for Editor in 0.00 ms.
Mono: successfully reloaded assembly
- Completed reload, in  0.963 seconds
Platform modules already initialized, skipping
Refreshing native plugins compatible for Editor in 0.23 ms, found 0 plugins.
Preloading 0 native plugins for Editor in 0.00 ms.
Unloading 1222 Unused Serialized files (Serialized files now loaded: 0)
System memory in use before: 84.9 MB.
System memory in use after: 85.0 MB.

Unloading 5 unused Assets to reduce memory usage. Loaded Objects now: 1752.
Total: 1.709500 ms (FindLiveObjects: 0.128200 ms CreateObjectMapping: 0.035500 ms MarkObjects: 1.461900 ms  DeleteObjects: 0.082800 ms)

========================================================================
Received Prepare
Registering precompiled user dll's ...
Registered in 0.001045 seconds.
Begin MonoManager ReloadAssembly
Native extension for WindowsStandalone target not found
Native extension for OSXStandalone target not found
Native extension for WebGL target not found
Refreshing native plugins compatible for Editor in 0.24 ms, found 0 plugins.
Preloading 0 native plugins for Editor in 0.00 ms.
Mono: successfully reloaded assembly
- Completed reload, in  1.382 seconds
Platform modules already initialized, skipping
Refreshing native plugins compatible for Editor in 0.24 ms, found 0 plugins.
Preloading 0 native plugins for Editor in 0.00 ms.
Unloading 1222 Unused Serialized files (Serialized files now loaded: 0)
System memory in use before: 84.9 MB.
System memory in use after: 85.0 MB.

Unloading 5 unused Assets to reduce memory usage. Loaded Objects now: 1755.
Total: 1.790200 ms (FindLiveObjects: 0.153300 ms CreateObjectMapping: 0.038100 ms MarkObjects: 1.535200 ms  DeleteObjects: 0.062300 ms)

========================================================================
Received Import Request.
  Time since last request: 56.112979 seconds.
  path: Assets/Script/Follow.cs
  artifactKey: Guid(2885848002f5eb749b1b878d09b48210) Importer(815301076,1909f56bfc062723c751e8b465ee728b)
Start importing Assets/Script/Follow.cs using Guid(2885848002f5eb749b1b878d09b48210) Importer(815301076,1909f56bfc062723c751e8b465ee728b)  -> (artifact id: '9346b4206338f108adaf157fc0242f5e') in 0.004486 seconds
  Import took 0.006644 seconds .

========================================================================
Received Prepare
Registering precompiled user dll's ...
Registered in 0.002123 seconds.
Begin MonoManager ReloadAssembly
Native extension for WindowsStandalone target not found
Native extension for OSXStandalone target not found
Native extension for WebGL target not found
Refreshing native plugins compatible for Editor in 0.22 ms, found 0 plugins.
Preloading 0 native plugins for Editor in 0.00 ms.
Mono: successfully reloaded assembly
- Completed reload, in  0.879 seconds
Platform modules already initialized, skipping
Refreshing native plugins compatible for Editor in 0.23 ms, found 0 plugins.
Preloading 0 native plugins for Editor in 0.00 ms.
Unloading 1222 Unused Serialized files (Serialized files now loaded: 0)
System memory in use before: 84.9 MB.
System memory in use after: 85.0 MB.

Unloading 5 unused Assets to reduce memory usage. Loaded Objects now: 1758.
Total: 1.689800 ms (FindLiveObjects: 0.191700 ms CreateObjectMapping: 0.039200 ms MarkObjects: 1.374800 ms  DeleteObjects: 0.083000 ms)

========================================================================
Received Import Request.
  Time since last request: 64.993197 seconds.
  path: Assets/Script/Follow.cs
  artifactKey: Guid(2885848002f5eb749b1b878d09b48210) Importer(815301076,1909f56bfc062723c751e8b465ee728b)
Start importing Assets/Script/Follow.cs using Guid(2885848002f5eb749b1b878d09b48210) Importer(815301076,1909f56bfc062723c751e8b465ee728b)  -> (artifact id: '31e743564ca5e980ef022ec71827dd97') in 0.005012 seconds
  Import took 0.007338 seconds .

========================================================================
Received Prepare
Registering precompiled user dll's ...
Registered in 0.001388 seconds.
Begin MonoManager ReloadAssembly
Native extension for WindowsStandalone target not found
Native extension for OSXStandalone target not found
Native extension for WebGL target not found
Refreshing native plugins compatible for Editor in 0.23 ms, found 0 plugins.
Preloading 0 native plugins for Editor in 0.00 ms.
Mono: successfully reloaded assembly
- Completed reload, in  0.993 seconds
Platform modules already initialized, skipping
Refreshing native plugins compatible for Editor in 0.27 ms, found 0 plugins.
Preloading 0 native plugins for Editor in 0.00 ms.
Unloading 1222 Unused Serialized files (Serialized files now loaded: 0)
System memory in use before: 84.9 MB.
System memory in use after: 85.0 MB.

Unloading 5 unused Assets to reduce memory usage. Loaded Objects now: 1761.
Total: 2.014700 ms (FindLiveObjects: 0.133300 ms CreateObjectMapping: 0.037000 ms MarkObjects: 1.764500 ms  DeleteObjects: 0.078800 ms)

========================================================================
Received Prepare
Registering precompiled user dll's ...
Registered in 0.001069 seconds.
Begin MonoManager ReloadAssembly
Native extension for WindowsStandalone target not found
Native extension for OSXStandalone target not found
Native extension for WebGL target not found
Refreshing native plugins compatible for Editor in 0.26 ms, found 0 plugins.
Preloading 0 native plugins for Editor in 0.00 ms.
Mono: successfully reloaded assembly
- Completed reload, in  1.173 seconds
Platform modules already initialized, skipping
Refreshing native plugins compatible for Editor in 0.24 ms, found 0 plugins.
Preloading 0 native plugins for Editor in 0.00 ms.
Unloading 1222 Unused Serialized files (Serialized files now loaded: 0)
System memory in use before: 84.9 MB.
System memory in use after: 85.0 MB.

Unloading 5 unused Assets to reduce memory usage. Loaded Objects now: 1764.
Total: 4.319800 ms (FindLiveObjects: 0.313600 ms CreateObjectMapping: 0.054300 ms MarkObjects: 3.892700 ms  DeleteObjects: 0.057200 ms)

========================================================================
Received Prepare
Registering precompiled user dll's ...
Registered in 0.000838 seconds.
Begin MonoManager ReloadAssembly
Native extension for WindowsStandalone target not found
Native extension for OSXStandalone target not found
Native extension for WebGL target not found
Refreshing native plugins compatible for Editor in 0.34 ms, found 0 plugins.
Preloading 0 native plugins for Editor in 0.00 ms.
Mono: successfully reloaded assembly
- Completed reload, in  0.943 seconds
Platform modules already initialized, skipping
Refreshing native plugins compatible for Editor in 0.25 ms, found 0 plugins.
Preloading 0 native plugins for Editor in 0.00 ms.
Unloading 1222 Unused Serialized files (Serialized files now loaded: 0)
System memory in use before: 84.9 MB.
System memory in use after: 85.0 MB.

Unloading 5 unused Assets to reduce memory usage. Loaded Objects now: 1767.
Total: 1.718800 ms (FindLiveObjects: 0.265400 ms CreateObjectMapping: 0.042700 ms MarkObjects: 1.363800 ms  DeleteObjects: 0.046000 ms)

========================================================================
Received Prepare
Registering precompiled user dll's ...
Registered in 0.001012 seconds.
Begin MonoManager ReloadAssembly
Native extension for WindowsStandalone target not found
Native extension for OSXStandalone target not found
Native extension for WebGL target not found
Refreshing native plugins compatible for Editor in 0.29 ms, found 0 plugins.
Preloading 0 native plugins for Editor in 0.00 ms.
Mono: successfully reloaded assembly
- Completed reload, in  0.894 seconds
Platform modules already initialized, skipping
Refreshing native plugins compatible for Editor in 0.29 ms, found 0 plugins.
Preloading 0 native plugins for Editor in 0.00 ms.
Unloading 1222 Unused Serialized files (Serialized files now loaded: 0)
System memory in use before: 84.9 MB.
System memory in use after: 85.0 MB.

Unloading 5 unused Assets to reduce memory usage. Loaded Objects now: 1770.
Total: 1.694600 ms (FindLiveObjects: 0.125900 ms CreateObjectMapping: 0.036900 ms MarkObjects: 1.487100 ms  DeleteObjects: 0.043500 ms)

========================================================================
Received Prepare
Registering precompiled user dll's ...
Registered in 0.000903 seconds.
Begin MonoManager ReloadAssembly
Native extension for WindowsStandalone target not found
Native extension for OSXStandalone target not found
Native extension for WebGL target not found
Refreshing native plugins compatible for Editor in 0.23 ms, found 0 plugins.
Preloading 0 native plugins for Editor in 0.00 ms.
Mono: successfully reloaded assembly
- Completed reload, in  0.965 seconds
Platform modules already initialized, skipping
Refreshing native plugins compatible for Editor in 0.23 ms, found 0 plugins.
Preloading 0 native plugins for Editor in 0.00 ms.
Unloading 1222 Unused Serialized files (Serialized files now loaded: 0)
System memory in use before: 84.9 MB.
System memory in use after: 85.0 MB.

Unloading 5 unused Assets to reduce memory usage. Loaded Objects now: 1773.
Total: 1.683600 ms (FindLiveObjects: 0.151600 ms CreateObjectMapping: 0.042200 ms MarkObjects: 1.404300 ms  DeleteObjects: 0.084400 ms)

========================================================================
Received Prepare
Registering precompiled user dll's ...
Registered in 0.001161 seconds.
Begin MonoManager ReloadAssembly
Native extension for WindowsStandalone target not found
Native extension for OSXStandalone target not found
Native extension for WebGL target not found
Refreshing native plugins compatible for Editor in 0.26 ms, found 0 plugins.
Preloading 0 native plugins for Editor in 0.00 ms.
Mono: successfully reloaded assembly
- Completed reload, in  0.951 seconds
Platform modules already initialized, skipping
Refreshing native plugins compatible for Editor in 0.26 ms, found 0 plugins.
Preloading 0 native plugins for Editor in 0.00 ms.
Unloading 1222 Unused Serialized files (Serialized files now loaded: 0)
System memory in use before: 84.9 MB.
System memory in use after: 85.0 MB.

Unloading 5 unused Assets to reduce memory usage. Loaded Objects now: 1776.
Total: 2.363300 ms (FindLiveObjects: 0.149200 ms CreateObjectMapping: 0.042100 ms MarkObjects: 2.106200 ms  DeleteObjects: 0.064300 ms)

========================================================================
Received Prepare
Registering precompiled user dll's ...
Registered in 0.000964 seconds.
Begin MonoManager ReloadAssembly
Native extension for WindowsStandalone target not found
Native extension for OSXStandalone target not found
Native extension for WebGL target not found
Refreshing native plugins compatible for Editor in 0.26 ms, found 0 plugins.
Preloading 0 native plugins for Editor in 0.00 ms.
Mono: successfully reloaded assembly
- Completed reload, in  1.218 seconds
Platform modules already initialized, skipping
Refreshing native plugins compatible for Editor in 0.23 ms, found 0 plugins.
Preloading 0 native plugins for Editor in 0.00 ms.
Unloading 1222 Unused Serialized files (Serialized files now loaded: 0)
System memory in use before: 84.9 MB.
System memory in use after: 85.0 MB.

Unloading 5 unused Assets to reduce memory usage. Loaded Objects now: 1779.
Total: 1.760200 ms (FindLiveObjects: 0.130200 ms CreateObjectMapping: 0.036900 ms MarkObjects: 1.542200 ms  DeleteObjects: 0.049800 ms)

========================================================================
Received Import Request.
  Time since last request: 381.200563 seconds.
  path: Assets/Script/Player.cs
  artifactKey: Guid(e9a553d3fcaa48e48b660797eb94be8a) Importer(815301076,1909f56bfc062723c751e8b465ee728b)
Start importing Assets/Script/Player.cs using Guid(e9a553d3fcaa48e48b660797eb94be8a) Importer(815301076,1909f56bfc062723c751e8b465ee728b)  -> (artifact id: 'cf537e0b54eee22afbfa66442b3f6329') in 0.005699 seconds
  Import took 0.008351 seconds .

========================================================================
Received Prepare
Registering precompiled user dll's ...
Registered in 0.001028 seconds.
Begin MonoManager ReloadAssembly
Native extension for WindowsStandalone target not found
Native extension for OSXStandalone target not found
Native extension for WebGL target not found
Refreshing native plugins compatible for Editor in 0.24 ms, found 0 plugins.
Preloading 0 native plugins for Editor in 0.00 ms.
Mono: successfully reloaded assembly
- Completed reload, in  0.963 seconds
Platform modules already initialized, skipping
Refreshing native plugins compatible for Editor in 0.23 ms, found 0 plugins.
Preloading 0 native plugins for Editor in 0.00 ms.
Unloading 1222 Unused Serialized files (Serialized files now loaded: 0)
System memory in use before: 84.9 MB.
System memory in use after: 85.0 MB.

Unloading 5 unused Assets to reduce memory usage. Loaded Objects now: 1782.
Total: 1.726000 ms (FindLiveObjects: 0.126700 ms CreateObjectMapping: 0.036800 ms MarkObjects: 1.488200 ms  DeleteObjects: 0.073300 ms)

========================================================================
Received Import Request.
  Time since last request: 13.086836 seconds.
  path: Assets/Script/Player.cs
  artifactKey: Guid(e9a553d3fcaa48e48b660797eb94be8a) Importer(815301076,1909f56bfc062723c751e8b465ee728b)
Start importing Assets/Script/Player.cs using Guid(e9a553d3fcaa48e48b660797eb94be8a) Importer(815301076,1909f56bfc062723c751e8b465ee728b)  -> (artifact id: 'a6d1ff8bea0ffbbaf63c6cfeb057af50') in 0.005262 seconds
  Import took 0.007390 seconds .

========================================================================
Received Prepare
Registering precompiled user dll's ...
Registered in 0.000982 seconds.
Begin MonoManager ReloadAssembly
Native extension for WindowsStandalone target not found
Native extension for OSXStandalone target not found
Native extension for WebGL target not found
Refreshing native plugins compatible for Editor in 0.32 ms, found 0 plugins.
Preloading 0 native plugins for Editor in 0.00 ms.
Mono: successfully reloaded assembly
- Completed reload, in  0.978 seconds
Platform modules already initialized, skipping
Refreshing native plugins compatible for Editor in 0.29 ms, found 0 plugins.
Preloading 0 native plugins for Editor in 0.00 ms.
Unloading 1222 Unused Serialized files (Serialized files now loaded: 0)
System memory in use before: 84.9 MB.
System memory in use after: 85.0 MB.

Unloading 5 unused Assets to reduce memory usage. Loaded Objects now: 1785.
Total: 2.232900 ms (FindLiveObjects: 0.123600 ms CreateObjectMapping: 0.034400 ms MarkObjects: 1.994400 ms  DeleteObjects: 0.079400 ms)

========================================================================
Received Prepare
Registering precompiled user dll's ...
Registered in 0.000983 seconds.
Begin MonoManager ReloadAssembly
Native extension for WindowsStandalone target not found
Native extension for OSXStandalone target not found
Native extension for WebGL target not found
Refreshing native plugins compatible for Editor in 0.23 ms, found 0 plugins.
Preloading 0 native plugins for Editor in 0.00 ms.
Mono: successfully reloaded assembly
- Completed reload, in  0.951 seconds
Platform modules already initialized, skipping
Refreshing native plugins compatible for Editor in 0.24 ms, found 0 plugins.
Preloading 0 native plugins for Editor in 0.00 ms.
Unloading 1222 Unused Serialized files (Serialized files now loaded: 0)
System memory in use before: 84.9 MB.
System memory in use after: 85.0 MB.

Unloading 5 unused Assets to reduce memory usage. Loaded Objects now: 1788.
Total: 1.754200 ms (FindLiveObjects: 0.143300 ms CreateObjectMapping: 0.041700 ms MarkObjects: 1.519400 ms  DeleteObjects: 0.048700 ms)

========================================================================
Received Prepare
Registering precompiled user dll's ...
Registered in 0.001180 seconds.
Begin MonoManager ReloadAssembly
Native extension for WindowsStandalone target not found
Native extension for OSXStandalone target not found
Native extension for WebGL target not found
Refreshing native plugins compatible for Editor in 0.34 ms, found 0 plugins.
Preloading 0 native plugins for Editor in 0.00 ms.
Mono: successfully reloaded assembly
- Completed reload, in  1.436 seconds
Platform modules already initialized, skipping
Refreshing native plugins compatible for Editor in 0.23 ms, found 0 plugins.
Preloading 0 native plugins for Editor in 0.00 ms.
Unloading 1222 Unused Serialized files (Serialized files now loaded: 0)
System memory in use before: 85.0 MB.
System memory in use after: 85.0 MB.

Unloading 5 unused Assets to reduce memory usage. Loaded Objects now: 1791.
Total: 1.581300 ms (FindLiveObjects: 0.134700 ms CreateObjectMapping: 0.036300 ms MarkObjects: 1.360400 ms  DeleteObjects: 0.048600 ms)

========================================================================
Received Import Request.
  Time since last request: 537.714156 seconds.
  path: Assets/Script/Weapon.cs
  artifactKey: Guid(06801abaa5966f44bacc982f91b20058) Importer(815301076,1909f56bfc062723c751e8b465ee728b)
Start importing Assets/Script/Weapon.cs using Guid(06801abaa5966f44bacc982f91b20058) Importer(815301076,1909f56bfc062723c751e8b465ee728b)  -> (artifact id: '55b09b352876ac1ceb4c50e885ad3ab8') in 0.020410 seconds
  Import took 0.027473 seconds .

========================================================================
Received Prepare
Registering precompiled user dll's ...
Registered in 0.001264 seconds.
Begin MonoManager ReloadAssembly
Native extension for WindowsStandalone target not found
Native extension for OSXStandalone target not found
Native extension for WebGL target not found
Refreshing native plugins compatible for Editor in 0.22 ms, found 0 plugins.
Preloading 0 native plugins for Editor in 0.00 ms.
Mono: successfully reloaded assembly
- Completed reload, in  0.990 seconds
Platform modules already initialized, skipping
Refreshing native plugins compatible for Editor in 0.23 ms, found 0 plugins.
Preloading 0 native plugins for Editor in 0.00 ms.
Unloading 1223 Unused Serialized files (Serialized files now loaded: 0)
System memory in use before: 85.0 MB.
System memory in use after: 85.1 MB.

Unloading 5 unused Assets to reduce memory usage. Loaded Objects now: 1795.
Total: 1.928600 ms (FindLiveObjects: 0.264300 ms CreateObjectMapping: 0.103000 ms MarkObjects: 1.484900 ms  DeleteObjects: 0.074900 ms)

========================================================================
Received Import Request.
  Time since last request: 228.684871 seconds.
  path: Assets/Script/Weapon.cs
  artifactKey: Guid(06801abaa5966f44bacc982f91b20058) Importer(815301076,1909f56bfc062723c751e8b465ee728b)
Start importing Assets/Script/Weapon.cs using Guid(06801abaa5966f44bacc982f91b20058) Importer(815301076,1909f56bfc062723c751e8b465ee728b)  -> (artifact id: '49f358978ca96f861f3638e30b33a7d6') in 0.009187 seconds
  Import took 0.012923 seconds .

========================================================================
Received Prepare
Registering precompiled user dll's ...
Registered in 0.000973 seconds.
Begin MonoManager ReloadAssembly
Native extension for WindowsStandalone target not found
Native extension for OSXStandalone target not found
Native extension for WebGL target not found
Refreshing native plugins compatible for Editor in 0.22 ms, found 0 plugins.
Preloading 0 native plugins for Editor in 0.00 ms.
Mono: successfully reloaded assembly
- Completed reload, in  0.950 seconds
Platform modules already initialized, skipping
Refreshing native plugins compatible for Editor in 0.24 ms, found 0 plugins.
Preloading 0 native plugins for Editor in 0.00 ms.
Unloading 1223 Unused Serialized files (Serialized files now loaded: 0)
System memory in use before: 85.0 MB.
System memory in use after: 85.1 MB.

Unloading 5 unused Assets to reduce memory usage. Loaded Objects now: 1798.
Total: 1.815300 ms (FindLiveObjects: 0.135400 ms CreateObjectMapping: 0.036900 ms MarkObjects: 1.592900 ms  DeleteObjects: 0.049100 ms)

========================================================================
Received Import Request.
  Time since last request: 226.758803 seconds.
  path: ProjectSettings/TagManager.asset
  artifactKey: Guid(00000000000000003000000000000000) Importer(815301076,1909f56bfc062723c751e8b465ee728b)
Start importing ProjectSettings/TagManager.asset using Guid(00000000000000003000000000000000) Importer(815301076,1909f56bfc062723c751e8b465ee728b)  -> (artifact id: 'ce6a35c3cddc746e7501c0bd0ed6d4ce') in 0.061361 seconds
  Import took 0.064048 seconds .

========================================================================
Received Import Request.
  Time since last request: 1383.889122 seconds.
  path: Assets/Animations/Player.controller
  artifactKey: Guid(ddf1ba8100d2f1845abf3b90956a95a6) Importer(815301076,1909f56bfc062723c751e8b465ee728b)
Start importing Assets/Animations/Player.controller using Guid(ddf1ba8100d2f1845abf3b90956a95a6) Importer(815301076,1909f56bfc062723c751e8b465ee728b)  -> (artifact id: 'd63da8b522e0bfa646b43144ef6489c9') in 0.053663 seconds
  Import took 0.056971 seconds .

========================================================================
Received Import Request.
  Time since last request: 425.874875 seconds.
  path: Assets/Animations/Player.controller
  artifactKey: Guid(ddf1ba8100d2f1845abf3b90956a95a6) Importer(815301076,1909f56bfc062723c751e8b465ee728b)
Start importing Assets/Animations/Player.controller using Guid(ddf1ba8100d2f1845abf3b90956a95a6) Importer(815301076,1909f56bfc062723c751e8b465ee728b)  -> (artifact id: 'f11367ff7d0fea0468d9ce621aaaaf64') in 0.046970 seconds
  Import took 0.050819 seconds .

========================================================================
Received Prepare
Registering precompiled user dll's ...
Registered in 0.001019 seconds.
Begin MonoManager ReloadAssembly
Native extension for WindowsStandalone target not found
Native extension for OSXStandalone target not found
Native extension for WebGL target not found
Refreshing native plugins compatible for Editor in 0.22 ms, found 0 plugins.
Preloading 0 native plugins for Editor in 0.00 ms.
Mono: successfully reloaded assembly
- Completed reload, in  0.927 seconds
Platform modules already initialized, skipping
Refreshing native plugins compatible for Editor in 0.23 ms, found 0 plugins.
Preloading 0 native plugins for Editor in 0.00 ms.
Unloading 1223 Unused Serialized files (Serialized files now loaded: 0)
System memory in use before: 85.0 MB.
System memory in use after: 85.1 MB.

Unloading 6 unused Assets to reduce memory usage. Loaded Objects now: 1801.
Total: 1.785500 ms (FindLiveObjects: 0.138500 ms CreateObjectMapping: 0.037800 ms MarkObjects: 1.510400 ms  DeleteObjects: 0.097900 ms)

========================================================================
Received Prepare
Registering precompiled user dll's ...
Registered in 0.001601 seconds.
Begin MonoManager ReloadAssembly
Native extension for WindowsStandalone target not found
Native extension for OSXStandalone target not found
Native extension for WebGL target not found
Refreshing native plugins compatible for Editor in 0.23 ms, found 0 plugins.
Preloading 0 native plugins for Editor in 0.00 ms.
Mono: successfully reloaded assembly
- Completed reload, in  1.005 seconds
Platform modules already initialized, skipping
Refreshing native plugins compatible for Editor in 0.24 ms, found 0 plugins.
Preloading 0 native plugins for Editor in 0.00 ms.
Unloading 1223 Unused Serialized files (Serialized files now loaded: 0)
System memory in use before: 85.0 MB.
System memory in use after: 85.1 MB.

Unloading 5 unused Assets to reduce memory usage. Loaded Objects now: 1804.
Total: 1.714600 ms (FindLiveObjects: 0.142700 ms CreateObjectMapping: 0.041100 ms MarkObjects: 1.470400 ms  DeleteObjects: 0.059200 ms)

========================================================================
Received Prepare
Registering precompiled user dll's ...
Registered in 0.001201 seconds.
Begin MonoManager ReloadAssembly
Native extension for WindowsStandalone target not found
Native extension for OSXStandalone target not found
Native extension for WebGL target not found
Refreshing native plugins compatible for Editor in 0.24 ms, found 0 plugins.
Preloading 0 native plugins for Editor in 0.00 ms.
Mono: successfully reloaded assembly
- Completed reload, in  0.950 seconds
Platform modules already initialized, skipping
Refreshing native plugins compatible for Editor in 0.25 ms, found 0 plugins.
Preloading 0 native plugins for Editor in 0.00 ms.
Unloading 1223 Unused Serialized files (Serialized files now loaded: 0)
System memory in use before: 85.0 MB.
System memory in use after: 85.1 MB.

Unloading 5 unused Assets to reduce memory usage. Loaded Objects now: 1807.
Total: 2.281500 ms (FindLiveObjects: 0.160300 ms CreateObjectMapping: 0.043100 ms MarkObjects: 2.020200 ms  DeleteObjects: 0.056400 ms)

========================================================================
Received Prepare
Registering precompiled user dll's ...
Registered in 0.002684 seconds.
Begin MonoManager ReloadAssembly
Native extension for WindowsStandalone target not found
Native extension for OSXStandalone target not found
Native extension for WebGL target not found
Refreshing native plugins compatible for Editor in 0.26 ms, found 0 plugins.
Preloading 0 native plugins for Editor in 0.00 ms.
Mono: successfully reloaded assembly
- Completed reload, in  0.974 seconds
Platform modules already initialized, skipping
Refreshing native plugins compatible for Editor in 0.24 ms, found 0 plugins.
Preloading 0 native plugins for Editor in 0.00 ms.
Unloading 1223 Unused Serialized files (Serialized files now loaded: 0)
System memory in use before: 85.0 MB.
System memory in use after: 85.1 MB.

Unloading 5 unused Assets to reduce memory usage. Loaded Objects now: 1810.
Total: 1.852700 ms (FindLiveObjects: 0.131900 ms CreateObjectMapping: 0.035800 ms MarkObjects: 1.556700 ms  DeleteObjects: 0.127300 ms)

========================================================================
Received Import Request.
  Time since last request: 468.544423 seconds.
  path: Assets/Animations/Player.controller
  artifactKey: Guid(ddf1ba8100d2f1845abf3b90956a95a6) Importer(815301076,1909f56bfc062723c751e8b465ee728b)
Start importing Assets/Animations/Player.controller using Guid(ddf1ba8100d2f1845abf3b90956a95a6) Importer(815301076,1909f56bfc062723c751e8b465ee728b)  -> (artifact id: '055dd9ead737646417519dcfa970ceeb') in 0.067837 seconds
  Import took 0.071596 seconds .

========================================================================
Received Prepare
Registering precompiled user dll's ...
Registered in 0.001055 seconds.
Begin MonoManager ReloadAssembly
Native extension for WindowsStandalone target not found
Native extension for OSXStandalone target not found
Native extension for WebGL target not found
Refreshing native plugins compatible for Editor in 0.24 ms, found 0 plugins.
Preloading 0 native plugins for Editor in 0.00 ms.
Mono: successfully reloaded assembly
- Completed reload, in  0.925 seconds
Platform modules already initialized, skipping
Refreshing native plugins compatible for Editor in 0.22 ms, found 0 plugins.
Preloading 0 native plugins for Editor in 0.00 ms.
Unloading 1223 Unused Serialized files (Serialized files now loaded: 0)
System memory in use before: 85.0 MB.
System memory in use after: 85.1 MB.

Unloading 5 unused Assets to reduce memory usage. Loaded Objects now: 1813.
Total: 1.628800 ms (FindLiveObjects: 0.142600 ms CreateObjectMapping: 0.038200 ms MarkObjects: 1.398300 ms  DeleteObjects: 0.048800 ms)

========================================================================
Received Prepare
Registering precompiled user dll's ...
Registered in 0.000953 seconds.
Begin MonoManager ReloadAssembly
Native extension for WindowsStandalone target not found
Native extension for OSXStandalone target not found
Native extension for WebGL target not found
Refreshing native plugins compatible for Editor in 0.22 ms, found 0 plugins.
Preloading 0 native plugins for Editor in 0.00 ms.
Mono: successfully reloaded assembly
- Completed reload, in  0.948 seconds
Platform modules already initialized, skipping
Refreshing native plugins compatible for Editor in 0.22 ms, found 0 plugins.
Preloading 0 native plugins for Editor in 0.00 ms.
Unloading 1223 Unused Serialized files (Serialized files now loaded: 0)
System memory in use before: 85.0 MB.
System memory in use after: 85.1 MB.

Unloading 5 unused Assets to reduce memory usage. Loaded Objects now: 1816.
Total: 1.933000 ms (FindLiveObjects: 0.134200 ms CreateObjectMapping: 0.037000 ms MarkObjects: 1.689900 ms  DeleteObjects: 0.070600 ms)

========================================================================
Received Import Request.
  Time since last request: 629.158427 seconds.
  path: Assets/Animations/Player.controller
  artifactKey: Guid(ddf1ba8100d2f1845abf3b90956a95a6) Importer(815301076,1909f56bfc062723c751e8b465ee728b)
Start importing Assets/Animations/Player.controller using Guid(ddf1ba8100d2f1845abf3b90956a95a6) Importer(815301076,1909f56bfc062723c751e8b465ee728b)  -> (artifact id: 'ee142cbf033536f119df4d5feaef5301') in 0.062531 seconds
  Import took 0.065224 seconds .

========================================================================
Received Prepare
Registering precompiled user dll's ...
Registered in 0.000858 seconds.
Begin MonoManager ReloadAssembly
Native extension for WindowsStandalone target not found
Native extension for OSXStandalone target not found
Native extension for WebGL target not found
Refreshing native plugins compatible for Editor in 0.22 ms, found 0 plugins.
Preloading 0 native plugins for Editor in 0.00 ms.
Mono: successfully reloaded assembly
- Completed reload, in  0.921 seconds
Platform modules already initialized, skipping
Refreshing native plugins compatible for Editor in 0.23 ms, found 0 plugins.
Preloading 0 native plugins for Editor in 0.00 ms.
Unloading 1223 Unused Serialized files (Serialized files now loaded: 0)
System memory in use before: 85.0 MB.
System memory in use after: 85.1 MB.

Unloading 5 unused Assets to reduce memory usage. Loaded Objects now: 1819.
Total: 1.816100 ms (FindLiveObjects: 0.136400 ms CreateObjectMapping: 0.038900 ms MarkObjects: 1.593800 ms  DeleteObjects: 0.045700 ms)

========================================================================
Received Prepare
Registering precompiled user dll's ...
Registered in 0.001217 seconds.
Begin MonoManager ReloadAssembly
Native extension for WindowsStandalone target not found
Native extension for OSXStandalone target not found
Native extension for WebGL target not found
Refreshing native plugins compatible for Editor in 0.28 ms, found 0 plugins.
Preloading 0 native plugins for Editor in 0.00 ms.
Mono: successfully reloaded assembly
- Completed reload, in  0.997 seconds
Platform modules already initialized, skipping
Refreshing native plugins compatible for Editor in 0.26 ms, found 0 plugins.
Preloading 0 native plugins for Editor in 0.00 ms.
Unloading 1223 Unused Serialized files (Serialized files now loaded: 0)
System memory in use before: 85.0 MB.
System memory in use after: 85.1 MB.

Unloading 5 unused Assets to reduce memory usage. Loaded Objects now: 1822.
Total: 1.705100 ms (FindLiveObjects: 0.184700 ms CreateObjectMapping: 0.048400 ms MarkObjects: 1.421200 ms  DeleteObjects: 0.049300 ms)

========================================================================
Received Prepare
Registering precompiled user dll's ...
Registered in 0.001144 seconds.
Begin MonoManager ReloadAssembly
Native extension for WindowsStandalone target not found
Native extension for OSXStandalone target not found
Native extension for WebGL target not found
Refreshing native plugins compatible for Editor in 0.23 ms, found 0 plugins.
Preloading 0 native plugins for Editor in 0.00 ms.
Mono: successfully reloaded assembly
- Completed reload, in  1.146 seconds
Platform modules already initialized, skipping
Refreshing native plugins compatible for Editor in 0.60 ms, found 0 plugins.
Preloading 0 native plugins for Editor in 0.00 ms.
Unloading 1223 Unused Serialized files (Serialized files now loaded: 0)
System memory in use before: 85.0 MB.
System memory in use after: 85.1 MB.

Unloading 5 unused Assets to reduce memory usage. Loaded Objects now: 1825.
Total: 1.751000 ms (FindLiveObjects: 0.132700 ms CreateObjectMapping: 0.034700 ms MarkObjects: 1.485100 ms  DeleteObjects: 0.097400 ms)

========================================================================
Received Prepare
Registering precompiled user dll's ...
Registered in 0.002735 seconds.
Begin MonoManager ReloadAssembly
Native extension for WindowsStandalone target not found
Native extension for OSXStandalone target not found
Native extension for WebGL target not found
Refreshing native plugins compatible for Editor in 0.30 ms, found 0 plugins.
Preloading 0 native plugins for Editor in 0.00 ms.
Mono: successfully reloaded assembly
- Completed reload, in  0.887 seconds
Platform modules already initialized, skipping
Refreshing native plugins compatible for Editor in 0.24 ms, found 0 plugins.
Preloading 0 native plugins for Editor in 0.00 ms.
Unloading 1223 Unused Serialized files (Serialized files now loaded: 0)
System memory in use before: 85.0 MB.
System memory in use after: 85.1 MB.

Unloading 5 unused Assets to reduce memory usage. Loaded Objects now: 1828.
Total: 2.002800 ms (FindLiveObjects: 0.333900 ms CreateObjectMapping: 0.058800 ms MarkObjects: 1.522400 ms  DeleteObjects: 0.086500 ms)

AssetImportWorkerClient::OnTransportError - code=2 error=End of file
